#
# There is insufficient memory for the Java Runtime Environment to continue.
# Native memory allocation (malloc) failed to allocate 1645456 bytes for Chunk::new
# Possible reasons:
#   The system is out of physical RAM or swap space
#   The process is running with CompressedOops enabled, and the Java Heap may be blocking the growth of the native heap
# Possible solutions:
#   Reduce memory load on the system
#   Increase physical memory or swap space
#   Check if swap backing store is full
#   Decrease Java heap size (-Xmx/-Xms)
#   Decrease number of Java threads
#   Decrease Java thread stack sizes (-Xss)
#   Set larger code cache with -XX:ReservedCodeCacheSize=
#   JVM is running with Unscaled Compressed Oops mode in which the Java heap is
#     placed in the first 4GB address space. The Java Heap base address is the
#     maximum limit for the native heap growth. Please use -XX:HeapBaseMinAddress
#     to set the Java Heap base and to place the Java Heap above 4GB virtual address.
# This output file may be truncated or incomplete.
#
#  Out of Memory Error (arena.cpp:189), pid=18648, tid=18280
#
# JRE version: Java(TM) SE Runtime Environment (17.0.12+8) (build 17.0.12+8-LTS-286)
# Java VM: Java HotSpot(TM) 64-Bit Server VM (17.0.12+8-LTS-286, mixed mode, sharing, tiered, compressed oops, compressed class ptrs, g1 gc, windows-amd64)
# No core dump will be written. Minidumps are not enabled by default on client versions of Windows
#

---------------  S U M M A R Y ------------

Command Line: --add-opens=java.base/java.lang=ALL-UNNAMED --add-opens=java.base/java.lang.invoke=ALL-UNNAMED --add-opens=java.base/java.util=ALL-UNNAMED --add-opens=java.prefs/java.util.prefs=ALL-UNNAMED --add-exports=jdk.compiler/com.sun.tools.javac.api=ALL-UNNAMED --add-exports=jdk.compiler/com.sun.tools.javac.util=ALL-UNNAMED --add-opens=java.base/java.util=ALL-UNNAMED --add-opens=java.prefs/java.util.prefs=ALL-UNNAMED --add-opens=java.base/java.nio.charset=ALL-UNNAMED --add-opens=java.base/java.net=ALL-UNNAMED --add-opens=java.base/java.util.concurrent.atomic=ALL-UNNAMED --add-opens=java.xml/javax.xml.namespace=ALL-UNNAMED -XX:MaxMetaspaceSize=384m -XX:+HeapDumpOnOutOfMemoryError -Xms256m -Xmx512m -Dfile.encoding=UTF-8 -Duser.country=KR -Duser.language=ko -Duser.variant -javaagent:C:\Users\PC-060\.gradle\wrapper\dists\gradle-8.12.1-bin\eumc4uhoysa37zql93vfjkxy0\gradle-8.12.1\lib\agents\gradle-instrumentation-agent-8.12.1.jar org.gradle.launcher.daemon.bootstrap.GradleDaemon 8.12.1

Host: Intel(R) Core(TM) i3-10100 CPU @ 3.60GHz, 8 cores, 15G,  Windows 10 , 64 bit Build 19041 (10.0.19041.5198)
Time: Mon Feb  3 14:37:33 2025  Windows 10 , 64 bit Build 19041 (10.0.19041.5198) elapsed time: 6.803995 seconds (0d 0h 0m 6s)

---------------  T H R E A D  ---------------

Current thread (0x000001c1b90ec630):  JavaThread "C2 CompilerThread0" daemon [_thread_in_native, id=18280, stack(0x00000077f4500000,0x00000077f4600000)]


Current CompileTask:
C2:   6804 6067       4       groovyjarjarantlr4.v4.runtime.atn.PredictionContext::getCachedContext (297 bytes)

Stack: [0x00000077f4500000,0x00000077f4600000]
Native frames: (J=compiled Java code, j=interpreted, Vv=VM code, C=native code)
V  [jvm.dll+0x67a04a]
V  [jvm.dll+0x7da4ed]
V  [jvm.dll+0x7dbe33]
V  [jvm.dll+0x7dc4a3]
V  [jvm.dll+0x24508f]
V  [jvm.dll+0xab773]
V  [jvm.dll+0xabd3c]
V  [jvm.dll+0x2aa52f]
V  [jvm.dll+0x581eb9]
V  [jvm.dll+0x21f422]
V  [jvm.dll+0x21f81f]
V  [jvm.dll+0x218aa0]
V  [jvm.dll+0x215b65]
V  [jvm.dll+0x1a2960]
V  [jvm.dll+0x22610b]
V  [jvm.dll+0x2242ab]
V  [jvm.dll+0x79075c]
V  [jvm.dll+0x78abea]
V  [jvm.dll+0x678f35]
C  [ucrtbase.dll+0x21bb2]
C  [KERNEL32.DLL+0x17374]
C  [ntdll.dll+0x4cc91]


---------------  P R O C E S S  ---------------

Threads class SMR info:
_java_thread_list=0x000001c1d59744d0, length=57, elements={
0x000001c19e79a1d0, 0x000001c1b90bdaf0, 0x000001c1b90c1120, 0x000001c1b90e11a0,
0x000001c1b90dfd60, 0x000001c1b90dee30, 0x000001c1b90e0c90, 0x000001c1b90ec630,
0x000001c1b90f7900, 0x000001c1b90df340, 0x000001c1b90e16b0, 0x000001c1b90e1bc0,
0x000001c1b93beb50, 0x000001c1b953b170, 0x000001c1b90e20d0, 0x000001c1b90e0270,
0x000001c1b90de920, 0x000001c1b90e0780, 0x000001c1d4482610, 0x000001c1d4485dc0,
0x000001c1d44862d0, 0x000001c1d44802a0, 0x000001c1d44807b0, 0x000001c1d4480cc0,
0x000001c1d44811d0, 0x000001c1d447fd90, 0x000001c1d4484980, 0x000001c1d4484e90,
0x000001c1d44816e0, 0x000001c1d4486cf0, 0x000001c1d4481bf0, 0x000001c1d4482b20,
0x000001c1d4483a50, 0x000001c1d4483f60, 0x000001c1d44853a0, 0x000001c1d4487710,
0x000001c1d44867e0, 0x000001c1d4482100, 0x000001c1d44858b0, 0x000001c1d4483540,
0x000001c1d4487200, 0x000001c1d53f8090, 0x000001c1d53f85a0, 0x000001c1d53f43d0,
0x000001c1d53f3ec0, 0x000001c1d53f48e0, 0x000001c1d53f6230, 0x000001c1d53f8ab0,
0x000001c1d53f2a80, 0x000001c1d53f5d20, 0x000001c1d53f8fc0, 0x000001c1d53f6c50,
0x000001c1d53f7670, 0x000001c1d53f5300, 0x000001c1d53f94d0, 0x000001c1d53f2060,
0x000001c1d53f99e0
}

Java Threads: ( => current thread )
  0x000001c19e79a1d0 JavaThread "main" [_thread_blocked, id=22640, stack(0x00000077f3800000,0x00000077f3900000)]
  0x000001c1b90bdaf0 JavaThread "Reference Handler" daemon [_thread_blocked, id=20640, stack(0x00000077f3f00000,0x00000077f4000000)]
  0x000001c1b90c1120 JavaThread "Finalizer" daemon [_thread_blocked, id=23516, stack(0x00000077f4000000,0x00000077f4100000)]
  0x000001c1b90e11a0 JavaThread "Signal Dispatcher" daemon [_thread_blocked, id=25096, stack(0x00000077f4100000,0x00000077f4200000)]
  0x000001c1b90dfd60 JavaThread "Attach Listener" daemon [_thread_blocked, id=23284, stack(0x00000077f4200000,0x00000077f4300000)]
  0x000001c1b90dee30 JavaThread "Service Thread" daemon [_thread_blocked, id=9644, stack(0x00000077f4300000,0x00000077f4400000)]
  0x000001c1b90e0c90 JavaThread "Monitor Deflation Thread" daemon [_thread_blocked, id=4556, stack(0x00000077f4400000,0x00000077f4500000)]
=>0x000001c1b90ec630 JavaThread "C2 CompilerThread0" daemon [_thread_in_native, id=18280, stack(0x00000077f4500000,0x00000077f4600000)]
  0x000001c1b90f7900 JavaThread "C1 CompilerThread0" daemon [_thread_in_native, id=19116, stack(0x00000077f4600000,0x00000077f4700000)]
  0x000001c1b90df340 JavaThread "Sweeper thread" daemon [_thread_blocked, id=20360, stack(0x00000077f4700000,0x00000077f4800000)]
  0x000001c1b90e16b0 JavaThread "Common-Cleaner" daemon [_thread_blocked, id=2420, stack(0x00000077f4800000,0x00000077f4900000)]
  0x000001c1b90e1bc0 JavaThread "Notification Thread" daemon [_thread_blocked, id=9824, stack(0x00000077f4900000,0x00000077f4a00000)]
  0x000001c1b93beb50 JavaThread "C2 CompilerThread1" daemon [_thread_in_native, id=7140, stack(0x00000077f4b00000,0x00000077f4c00000)]
  0x000001c1b953b170 JavaThread "C2 CompilerThread2" daemon [_thread_in_native, id=11492, stack(0x00000077f4c00000,0x00000077f4d00000)]
  0x000001c1b90e20d0 JavaThread "Daemon health stats" [_thread_blocked, id=19500, stack(0x00000077f5200000,0x00000077f5300000)]
  0x000001c1b90e0270 JavaThread "Incoming local TCP Connector on port 59914" [_thread_in_native, id=6556, stack(0x00000077f5300000,0x00000077f5400000)]
  0x000001c1b90de920 JavaThread "Daemon periodic checks" [_thread_blocked, id=21132, stack(0x00000077f5400000,0x00000077f5500000)]
  0x000001c1b90e0780 JavaThread "Daemon" [_thread_blocked, id=10960, stack(0x00000077f5500000,0x00000077f5600000)]
  0x000001c1d4482610 JavaThread "Handler for socket connection from /127.0.0.1:59914 to /127.0.0.1:59915" [_thread_in_native, id=24676, stack(0x00000077f5600000,0x00000077f5700000)]
  0x000001c1d4485dc0 JavaThread "Cancel handler" [_thread_blocked, id=15740, stack(0x00000077f5700000,0x00000077f5800000)]
  0x000001c1d44862d0 JavaThread "Daemon worker" [_thread_in_Java, id=10660, stack(0x00000077f5800000,0x00000077f5900000)]
  0x000001c1d44802a0 JavaThread "Asynchronous log dispatcher for DefaultDaemonConnection: socket connection from /127.0.0.1:59914 to /127.0.0.1:59915" [_thread_blocked, id=24372, stack(0x00000077f5900000,0x00000077f5a00000)]
  0x000001c1d44807b0 JavaThread "Stdin handler" [_thread_blocked, id=2576, stack(0x00000077f5a00000,0x00000077f5b00000)]
  0x000001c1d4480cc0 JavaThread "Daemon client event forwarder" [_thread_blocked, id=23672, stack(0x00000077f5b00000,0x00000077f5c00000)]
  0x000001c1d44811d0 JavaThread "Cache worker for journal cache (C:\Users\PC-060\.gradle\caches\journal-1)" [_thread_blocked, id=10468, stack(0x00000077f5c00000,0x00000077f5d00000)]
  0x000001c1d447fd90 JavaThread "File lock request listener" [_thread_in_native, id=2468, stack(0x00000077f5d00000,0x00000077f5e00000)]
  0x000001c1d4484980 JavaThread "Cache worker for file hash cache (C:\Users\PC-060\.gradle\caches\8.12.1\fileHashes)" [_thread_blocked, id=18372, stack(0x00000077f5e00000,0x00000077f5f00000)]
  0x000001c1d4484e90 JavaThread "Cache worker for file hash cache (D:\업무\03_개인\소스코드\money_book\money.book\.gradle\8.12.1\fileHashes)" [_thread_blocked, id=2240, stack(0x00000077f5f00000,0x00000077f6000000)]
  0x000001c1d44816e0 JavaThread "Cache worker for Build Output Cleanup Cache (D:\업무\03_개인\소스코드\money_book\money.book\.gradle\buildOutputCleanup)" [_thread_blocked, id=17736, stack(0x00000077f6000000,0x00000077f6100000)]
  0x000001c1d4486cf0 JavaThread "File watcher server" daemon [_thread_in_native, id=12524, stack(0x00000077f6400000,0x00000077f6500000)]
  0x000001c1d4481bf0 JavaThread "File watcher consumer" daemon [_thread_blocked, id=1628, stack(0x00000077f6500000,0x00000077f6600000)]
  0x000001c1d4482b20 JavaThread "jar transforms" [_thread_blocked, id=22884, stack(0x00000077f6600000,0x00000077f6700000)]
  0x000001c1d4483a50 JavaThread "jar transforms Thread 2" [_thread_blocked, id=25060, stack(0x00000077f6700000,0x00000077f6800000)]
  0x000001c1d4483f60 JavaThread "jar transforms Thread 3" [_thread_blocked, id=18980, stack(0x00000077f6800000,0x00000077f6900000)]
  0x000001c1d44853a0 JavaThread "jar transforms Thread 4" [_thread_blocked, id=18032, stack(0x00000077f6900000,0x00000077f6a00000)]
  0x000001c1d4487710 JavaThread "jar transforms Thread 5" [_thread_blocked, id=19620, stack(0x00000077f6a00000,0x00000077f6b00000)]
  0x000001c1d44867e0 JavaThread "jar transforms Thread 6" [_thread_blocked, id=22036, stack(0x00000077f6b00000,0x00000077f6c00000)]
  0x000001c1d4482100 JavaThread "jar transforms Thread 7" [_thread_blocked, id=6280, stack(0x00000077f6c00000,0x00000077f6d00000)]
  0x000001c1d44858b0 JavaThread "jar transforms Thread 8" [_thread_blocked, id=18908, stack(0x00000077f6d00000,0x00000077f6e00000)]
  0x000001c1d4483540 JavaThread "Cache worker for checksums cache (D:\업무\03_개인\소스코드\money_book\money.book\.gradle\8.12.1\checksums)" [_thread_blocked, id=25532, stack(0x00000077f6e00000,0x00000077f6f00000)]
  0x000001c1d4487200 JavaThread "Cache worker for file content cache (C:\Users\PC-060\.gradle\caches\8.12.1\fileContent)" [_thread_blocked, id=23248, stack(0x00000077f6f00000,0x00000077f7000000)]
  0x000001c1d53f8090 JavaThread "Cache worker for cache directory md-rule (C:\Users\PC-060\.gradle\caches\8.12.1\md-rule)" [_thread_blocked, id=22596, stack(0x00000077f7000000,0x00000077f7100000)]
  0x000001c1d53f85a0 JavaThread "Cache worker for cache directory md-supplier (C:\Users\PC-060\.gradle\caches\8.12.1\md-supplier)" [_thread_blocked, id=18548, stack(0x00000077f7100000,0x00000077f7200000)]
  0x000001c1d53f43d0 JavaThread "Unconstrained build operations" [_thread_blocked, id=3036, stack(0x00000077f7200000,0x00000077f7300000)]
  0x000001c1d53f3ec0 JavaThread "Unconstrained build operations Thread 2" [_thread_blocked, id=3180, stack(0x00000077f7300000,0x00000077f7400000)]
  0x000001c1d53f48e0 JavaThread "Unconstrained build operations Thread 3" [_thread_blocked, id=22740, stack(0x00000077f7400000,0x00000077f7500000)]
  0x000001c1d53f6230 JavaThread "Unconstrained build operations Thread 4" [_thread_blocked, id=18604, stack(0x00000077f7500000,0x00000077f7600000)]
  0x000001c1d53f8ab0 JavaThread "Unconstrained build operations Thread 5" [_thread_blocked, id=24808, stack(0x00000077f7600000,0x00000077f7700000)]
  0x000001c1d53f2a80 JavaThread "Unconstrained build operations Thread 6" [_thread_blocked, id=25168, stack(0x00000077f7700000,0x00000077f7800000)]
  0x000001c1d53f5d20 JavaThread "Unconstrained build operations Thread 7" [_thread_blocked, id=20764, stack(0x00000077f7800000,0x00000077f7900000)]
  0x000001c1d53f8fc0 JavaThread "Unconstrained build operations Thread 8" [_thread_blocked, id=4484, stack(0x00000077f7900000,0x00000077f7a00000)]
  0x000001c1d53f6c50 JavaThread "Unconstrained build operations Thread 9" [_thread_blocked, id=18724, stack(0x00000077f7a00000,0x00000077f7b00000)]
  0x000001c1d53f7670 JavaThread "Unconstrained build operations Thread 10" [_thread_blocked, id=11000, stack(0x00000077f7b00000,0x00000077f7c00000)]
  0x000001c1d53f5300 JavaThread "Unconstrained build operations Thread 11" [_thread_blocked, id=24892, stack(0x00000077f7c00000,0x00000077f7d00000)]
  0x000001c1d53f94d0 JavaThread "Unconstrained build operations Thread 12" [_thread_blocked, id=22728, stack(0x00000077f7d00000,0x00000077f7e00000)]
  0x000001c1d53f2060 JavaThread "Unconstrained build operations Thread 13" [_thread_blocked, id=24180, stack(0x00000077f7e00000,0x00000077f7f00000)]
  0x000001c1d53f99e0 JavaThread "Unconstrained build operations Thread 14" [_thread_blocked, id=18864, stack(0x00000077f7f00000,0x00000077f8000000)]

Other Threads:
  0x000001c1b90b6250 VMThread "VM Thread" [stack: 0x00000077f3e00000,0x00000077f3f00000] [id=7876]
  0x000001c19e79afa0 WatcherThread [stack: 0x00000077f4a00000,0x00000077f4b00000] [id=17468]
  0x000001c19e7c7c50 GCTaskThread "GC Thread#0" [stack: 0x00000077f3900000,0x00000077f3a00000] [id=6428]
  0x000001c1b9a89d60 GCTaskThread "GC Thread#1" [stack: 0x00000077f4d00000,0x00000077f4e00000] [id=12592]
  0x000001c1b99be850 GCTaskThread "GC Thread#2" [stack: 0x00000077f4e00000,0x00000077f4f00000] [id=22992]
  0x000001c1b96ed030 GCTaskThread "GC Thread#3" [stack: 0x00000077f4f00000,0x00000077f5000000] [id=17284]
  0x000001c1b99f1c30 GCTaskThread "GC Thread#4" [stack: 0x00000077f5000000,0x00000077f5100000] [id=20432]
  0x000001c1b976e460 GCTaskThread "GC Thread#5" [stack: 0x00000077f5100000,0x00000077f5200000] [id=5204]
  0x000001c1d48e4420 GCTaskThread "GC Thread#6" [stack: 0x00000077f6100000,0x00000077f6200000] [id=7352]
  0x000001c1d5851e60 GCTaskThread "GC Thread#7" [stack: 0x00000077f6200000,0x00000077f6300000] [id=22344]
  0x000001c19e7ccba0 ConcurrentGCThread "G1 Main Marker" [stack: 0x00000077f3a00000,0x00000077f3b00000] [id=22056]
  0x000001c19e7cdd50 ConcurrentGCThread "G1 Conc#0" [stack: 0x00000077f3b00000,0x00000077f3c00000] [id=19828]
  0x000001c1d6614820 ConcurrentGCThread "G1 Conc#1" [stack: 0x00000077f6300000,0x00000077f6400000] [id=23852]
  0x000001c19e86ec00 ConcurrentGCThread "G1 Refine#0" [stack: 0x00000077f3c00000,0x00000077f3d00000] [id=628]
  0x000001c1d7acc180 ConcurrentGCThread "G1 Refine#1" [stack: 0x00000077f8000000,0x00000077f8100000] [id=20664]
  0x000001c1d7acd610 ConcurrentGCThread "G1 Refine#2" [stack: 0x00000077f8100000,0x00000077f8200000] [id=2748]
  0x000001c1d7acc470 ConcurrentGCThread "G1 Refine#3" [stack: 0x00000077f8200000,0x00000077f8300000] [id=18996]
  0x000001c1b8f7cc40 ConcurrentGCThread "G1 Service" [stack: 0x00000077f3d00000,0x00000077f3e00000] [id=13872]

Threads with active compile tasks:
C2 CompilerThread0     6862 6067       4       groovyjarjarantlr4.v4.runtime.atn.PredictionContext::getCachedContext (297 bytes)
C1 CompilerThread0     6862 6277       3       java.lang.reflect.Executable::sharedGetParameterAnnotations (96 bytes)
C2 CompilerThread1     6862 5927       4       groovyjarjarantlr4.v4.runtime.atn.PredictionContext::join (569 bytes)
C2 CompilerThread2     6862 6001       4       groovyjarjarantlr4.v4.runtime.atn.ParserATNSimulator::ruleTransition (94 bytes)

VM state: not at safepoint (normal execution)

VM Mutex/Monitor currently owned by a thread: None

Heap address: 0x00000000e0000000, size: 512 MB, Compressed Oops mode: 32-bit

CDS archive(s) mapped at: [0x000001c1ba000000-0x000001c1babd0000-0x000001c1babd0000), size 12386304, SharedBaseAddress: 0x000001c1ba000000, ArchiveRelocationMode: 1.
Compressed class space mapped at: 0x000001c1bb000000-0x000001c1cf000000, reserved size: 335544320
Narrow klass base: 0x000001c1ba000000, Narrow klass shift: 0, Narrow klass range: 0x100000000

GC Precious Log:
 CPUs: 8 total, 8 available
 Memory: 16222M
 Large Page Support: Disabled
 NUMA Support: Disabled
 Compressed Oops: Enabled (32-bit)
 Heap Region Size: 1M
 Heap Min Capacity: 256M
 Heap Initial Capacity: 256M
 Heap Max Capacity: 512M
 Pre-touch: Disabled
 Parallel Workers: 8
 Concurrent Workers: 2
 Concurrent Refinement Workers: 8
 Periodic GC: Disabled

Heap:
 garbage-first heap   total 262144K, used 124208K [0x00000000e0000000, 0x0000000100000000)
  region size 1024K, 65 young (66560K), 10 survivors (10240K)
 Metaspace       used 53808K, committed 54400K, reserved 393216K
  class space    used 7669K, committed 7936K, reserved 327680K

Heap Regions: E=young(eden), S=young(survivor), O=old, HS=humongous(starts), HC=humongous(continues), CS=collection set, F=free, OA=open archive, CA=closed archive, TAMS=top-at-mark-start (previous, next)
|   0|0x00000000e0000000, 0x00000000e0100000, 0x00000000e0100000|100%| O|  |TAMS 0x00000000e0100000, 0x00000000e0000000| Untracked 
|   1|0x00000000e0100000, 0x00000000e0200000, 0x00000000e0200000|100%|HS|  |TAMS 0x00000000e0200000, 0x00000000e0100000| Complete 
|   2|0x00000000e0200000, 0x00000000e0300000, 0x00000000e0300000|100%|HC|  |TAMS 0x00000000e0300000, 0x00000000e0200000| Complete 
|   3|0x00000000e0300000, 0x00000000e0400000, 0x00000000e0400000|100%|HC|  |TAMS 0x00000000e0400000, 0x00000000e0300000| Complete 
|   4|0x00000000e0400000, 0x00000000e0500000, 0x00000000e0500000|100%| O|  |TAMS 0x00000000e0500000, 0x00000000e0400000| Untracked 
|   5|0x00000000e0500000, 0x00000000e0600000, 0x00000000e0600000|100%| O|  |TAMS 0x00000000e0600000, 0x00000000e0500000| Untracked 
|   6|0x00000000e0600000, 0x00000000e0700000, 0x00000000e0700000|100%| O|  |TAMS 0x00000000e0700000, 0x00000000e0600000| Untracked 
|   7|0x00000000e0700000, 0x00000000e0800000, 0x00000000e0800000|100%|HS|  |TAMS 0x00000000e0800000, 0x00000000e0700000| Complete 
|   8|0x00000000e0800000, 0x00000000e0800000, 0x00000000e0900000|  0%| F|  |TAMS 0x00000000e0800000, 0x00000000e0800000| Untracked 
|   9|0x00000000e0900000, 0x00000000e0a00000, 0x00000000e0a00000|100%| O|  |TAMS 0x00000000e0a00000, 0x00000000e0900000| Untracked 
|  10|0x00000000e0a00000, 0x00000000e0b00000, 0x00000000e0b00000|100%| O|  |TAMS 0x00000000e0b00000, 0x00000000e0a00000| Untracked 
|  11|0x00000000e0b00000, 0x00000000e0c00000, 0x00000000e0c00000|100%| O|  |TAMS 0x00000000e0c00000, 0x00000000e0b00000| Untracked 
|  12|0x00000000e0c00000, 0x00000000e0d00000, 0x00000000e0d00000|100%| O|  |TAMS 0x00000000e0d00000, 0x00000000e0c00000| Untracked 
|  13|0x00000000e0d00000, 0x00000000e0e00000, 0x00000000e0e00000|100%| O|  |TAMS 0x00000000e0d41400, 0x00000000e0d00000| Untracked 
|  14|0x00000000e0e00000, 0x00000000e0f00000, 0x00000000e0f00000|100%|HS|  |TAMS 0x00000000e0f00000, 0x00000000e0e00000| Complete 
|  15|0x00000000e0f00000, 0x00000000e1000000, 0x00000000e1000000|100%|HC|  |TAMS 0x00000000e1000000, 0x00000000e0f00000| Complete 
|  16|0x00000000e1000000, 0x00000000e1100000, 0x00000000e1100000|100%|HC|  |TAMS 0x00000000e1100000, 0x00000000e1000000| Complete 
|  17|0x00000000e1100000, 0x00000000e1200000, 0x00000000e1200000|100%|HC|  |TAMS 0x00000000e1200000, 0x00000000e1100000| Complete 
|  18|0x00000000e1200000, 0x00000000e1300000, 0x00000000e1300000|100%|HC|  |TAMS 0x00000000e1300000, 0x00000000e1200000| Complete 
|  19|0x00000000e1300000, 0x00000000e1400000, 0x00000000e1400000|100%|HC|  |TAMS 0x00000000e1400000, 0x00000000e1300000| Complete 
|  20|0x00000000e1400000, 0x00000000e1500000, 0x00000000e1500000|100%|HS|  |TAMS 0x00000000e1500000, 0x00000000e1400000| Complete 
|  21|0x00000000e1500000, 0x00000000e1600000, 0x00000000e1600000|100%|HC|  |TAMS 0x00000000e1600000, 0x00000000e1500000| Complete 
|  22|0x00000000e1600000, 0x00000000e1700000, 0x00000000e1700000|100%|HC|  |TAMS 0x00000000e1700000, 0x00000000e1600000| Complete 
|  23|0x00000000e1700000, 0x00000000e1800000, 0x00000000e1800000|100%|HS|  |TAMS 0x00000000e1800000, 0x00000000e1700000| Complete 
|  24|0x00000000e1800000, 0x00000000e1900000, 0x00000000e1900000|100%|HC|  |TAMS 0x00000000e1900000, 0x00000000e1800000| Complete 
|  25|0x00000000e1900000, 0x00000000e1a00000, 0x00000000e1a00000|100%|HS|  |TAMS 0x00000000e1900000, 0x00000000e1900000| Complete 
|  26|0x00000000e1a00000, 0x00000000e1b00000, 0x00000000e1b00000|100%|HC|  |TAMS 0x00000000e1a00000, 0x00000000e1a00000| Complete 
|  27|0x00000000e1b00000, 0x00000000e1b00000, 0x00000000e1c00000|  0%| F|  |TAMS 0x00000000e1b00000, 0x00000000e1b00000| Untracked 
|  28|0x00000000e1c00000, 0x00000000e1d00000, 0x00000000e1d00000|100%| O|  |TAMS 0x00000000e1c00000, 0x00000000e1c00000| Untracked 
|  29|0x00000000e1d00000, 0x00000000e1e00000, 0x00000000e1e00000|100%| O|  |TAMS 0x00000000e1d00000, 0x00000000e1d00000| Untracked 
|  30|0x00000000e1e00000, 0x00000000e1f00000, 0x00000000e1f00000|100%| O|  |TAMS 0x00000000e1e00000, 0x00000000e1e00000| Untracked 
|  31|0x00000000e1f00000, 0x00000000e2000000, 0x00000000e2000000|100%| O|  |TAMS 0x00000000e1f00000, 0x00000000e1f00000| Untracked 
|  32|0x00000000e2000000, 0x00000000e2100000, 0x00000000e2100000|100%| O|  |TAMS 0x00000000e2000000, 0x00000000e2000000| Untracked 
|  33|0x00000000e2100000, 0x00000000e2200000, 0x00000000e2200000|100%|HS|  |TAMS 0x00000000e2100000, 0x00000000e2100000| Complete 
|  34|0x00000000e2200000, 0x00000000e2300000, 0x00000000e2300000|100%|HC|  |TAMS 0x00000000e2200000, 0x00000000e2200000| Complete 
|  35|0x00000000e2300000, 0x00000000e2400000, 0x00000000e2400000|100%|HC|  |TAMS 0x00000000e2300000, 0x00000000e2300000| Complete 
|  36|0x00000000e2400000, 0x00000000e2500000, 0x00000000e2500000|100%|HC|  |TAMS 0x00000000e2400000, 0x00000000e2400000| Complete 
|  37|0x00000000e2500000, 0x00000000e2600000, 0x00000000e2600000|100%|HC|  |TAMS 0x00000000e2500000, 0x00000000e2500000| Complete 
|  38|0x00000000e2600000, 0x00000000e2700000, 0x00000000e2700000|100%|HC|  |TAMS 0x00000000e2600000, 0x00000000e2600000| Complete 
|  39|0x00000000e2700000, 0x00000000e2800000, 0x00000000e2800000|100%|HS|  |TAMS 0x00000000e2700000, 0x00000000e2700000| Complete 
|  40|0x00000000e2800000, 0x00000000e2900000, 0x00000000e2900000|100%|HC|  |TAMS 0x00000000e2800000, 0x00000000e2800000| Complete 
|  41|0x00000000e2900000, 0x00000000e2a00000, 0x00000000e2a00000|100%|HC|  |TAMS 0x00000000e2900000, 0x00000000e2900000| Complete 
|  42|0x00000000e2a00000, 0x00000000e2b00000, 0x00000000e2b00000|100%|HC|  |TAMS 0x00000000e2a00000, 0x00000000e2a00000| Complete 
|  43|0x00000000e2b00000, 0x00000000e2c00000, 0x00000000e2c00000|100%|HC|  |TAMS 0x00000000e2b00000, 0x00000000e2b00000| Complete 
|  44|0x00000000e2c00000, 0x00000000e2d00000, 0x00000000e2d00000|100%|HC|  |TAMS 0x00000000e2c00000, 0x00000000e2c00000| Complete 
|  45|0x00000000e2d00000, 0x00000000e2e00000, 0x00000000e2e00000|100%| O|  |TAMS 0x00000000e2d00000, 0x00000000e2d00000| Untracked 
|  46|0x00000000e2e00000, 0x00000000e2f00000, 0x00000000e2f00000|100%| O|  |TAMS 0x00000000e2e00000, 0x00000000e2e00000| Untracked 
|  47|0x00000000e2f00000, 0x00000000e3000000, 0x00000000e3000000|100%| O|  |TAMS 0x00000000e2f00000, 0x00000000e2f00000| Untracked 
|  48|0x00000000e3000000, 0x00000000e3100000, 0x00000000e3100000|100%| O|  |TAMS 0x00000000e3000000, 0x00000000e3000000| Untracked 
|  49|0x00000000e3100000, 0x00000000e3200000, 0x00000000e3200000|100%| O|  |TAMS 0x00000000e3100000, 0x00000000e3100000| Untracked 
|  50|0x00000000e3200000, 0x00000000e3300000, 0x00000000e3300000|100%| O|  |TAMS 0x00000000e3200000, 0x00000000e3200000| Untracked 
|  51|0x00000000e3300000, 0x00000000e3400000, 0x00000000e3400000|100%| O|  |TAMS 0x00000000e3300000, 0x00000000e3300000| Untracked 
|  52|0x00000000e3400000, 0x00000000e3500000, 0x00000000e3500000|100%| O|  |TAMS 0x00000000e3400000, 0x00000000e3400000| Untracked 
|  53|0x00000000e3500000, 0x00000000e3600000, 0x00000000e3600000|100%| O|  |TAMS 0x00000000e3500000, 0x00000000e3500000| Untracked 
|  54|0x00000000e3600000, 0x00000000e3700000, 0x00000000e3700000|100%| O|  |TAMS 0x00000000e3600000, 0x00000000e3600000| Untracked 
|  55|0x00000000e3700000, 0x00000000e3800000, 0x00000000e3800000|100%| O|  |TAMS 0x00000000e3700000, 0x00000000e3700000| Untracked 
|  56|0x00000000e3800000, 0x00000000e3900000, 0x00000000e3900000|100%| O|  |TAMS 0x00000000e3800000, 0x00000000e3800000| Untracked 
|  57|0x00000000e3900000, 0x00000000e3a00000, 0x00000000e3a00000|100%| O|  |TAMS 0x00000000e3900000, 0x00000000e3900000| Untracked 
|  58|0x00000000e3a00000, 0x00000000e3b00000, 0x00000000e3b00000|100%| O|  |TAMS 0x00000000e3a00000, 0x00000000e3a00000| Untracked 
|  59|0x00000000e3b00000, 0x00000000e3c00000, 0x00000000e3c00000|100%| O|  |TAMS 0x00000000e3b00000, 0x00000000e3b00000| Untracked 
|  60|0x00000000e3c00000, 0x00000000e3ca2e00, 0x00000000e3d00000| 63%| O|  |TAMS 0x00000000e3c00000, 0x00000000e3c00000| Untracked 
|  61|0x00000000e3d00000, 0x00000000e3d00000, 0x00000000e3e00000|  0%| F|  |TAMS 0x00000000e3d00000, 0x00000000e3d00000| Untracked 
|  62|0x00000000e3e00000, 0x00000000e3e00000, 0x00000000e3f00000|  0%| F|  |TAMS 0x00000000e3e00000, 0x00000000e3e00000| Untracked 
|  63|0x00000000e3f00000, 0x00000000e3f00000, 0x00000000e4000000|  0%| F|  |TAMS 0x00000000e3f00000, 0x00000000e3f00000| Untracked 
|  64|0x00000000e4000000, 0x00000000e4000000, 0x00000000e4100000|  0%| F|  |TAMS 0x00000000e4000000, 0x00000000e4000000| Untracked 
|  65|0x00000000e4100000, 0x00000000e4100000, 0x00000000e4200000|  0%| F|  |TAMS 0x00000000e4100000, 0x00000000e4100000| Untracked 
|  66|0x00000000e4200000, 0x00000000e4200000, 0x00000000e4300000|  0%| F|  |TAMS 0x00000000e4200000, 0x00000000e4200000| Untracked 
|  67|0x00000000e4300000, 0x00000000e4300000, 0x00000000e4400000|  0%| F|  |TAMS 0x00000000e4300000, 0x00000000e4300000| Untracked 
|  68|0x00000000e4400000, 0x00000000e4400000, 0x00000000e4500000|  0%| F|  |TAMS 0x00000000e4400000, 0x00000000e4400000| Untracked 
|  69|0x00000000e4500000, 0x00000000e4500000, 0x00000000e4600000|  0%| F|  |TAMS 0x00000000e4500000, 0x00000000e4500000| Untracked 
|  70|0x00000000e4600000, 0x00000000e4600000, 0x00000000e4700000|  0%| F|  |TAMS 0x00000000e4600000, 0x00000000e4600000| Untracked 
|  71|0x00000000e4700000, 0x00000000e4700000, 0x00000000e4800000|  0%| F|  |TAMS 0x00000000e4700000, 0x00000000e4700000| Untracked 
|  72|0x00000000e4800000, 0x00000000e4800000, 0x00000000e4900000|  0%| F|  |TAMS 0x00000000e4800000, 0x00000000e4800000| Untracked 
|  73|0x00000000e4900000, 0x00000000e4900000, 0x00000000e4a00000|  0%| F|  |TAMS 0x00000000e4900000, 0x00000000e4900000| Untracked 
|  74|0x00000000e4a00000, 0x00000000e4a00000, 0x00000000e4b00000|  0%| F|  |TAMS 0x00000000e4a00000, 0x00000000e4a00000| Untracked 
|  75|0x00000000e4b00000, 0x00000000e4b00000, 0x00000000e4c00000|  0%| F|  |TAMS 0x00000000e4b00000, 0x00000000e4b00000| Untracked 
|  76|0x00000000e4c00000, 0x00000000e4c00000, 0x00000000e4d00000|  0%| F|  |TAMS 0x00000000e4c00000, 0x00000000e4c00000| Untracked 
|  77|0x00000000e4d00000, 0x00000000e4d00000, 0x00000000e4e00000|  0%| F|  |TAMS 0x00000000e4d00000, 0x00000000e4d00000| Untracked 
|  78|0x00000000e4e00000, 0x00000000e4e00000, 0x00000000e4f00000|  0%| F|  |TAMS 0x00000000e4e00000, 0x00000000e4e00000| Untracked 
|  79|0x00000000e4f00000, 0x00000000e4f00000, 0x00000000e5000000|  0%| F|  |TAMS 0x00000000e4f00000, 0x00000000e4f00000| Untracked 
|  80|0x00000000e5000000, 0x00000000e5000000, 0x00000000e5100000|  0%| F|  |TAMS 0x00000000e5000000, 0x00000000e5000000| Untracked 
|  81|0x00000000e5100000, 0x00000000e5100000, 0x00000000e5200000|  0%| F|  |TAMS 0x00000000e5100000, 0x00000000e5100000| Untracked 
|  82|0x00000000e5200000, 0x00000000e5200000, 0x00000000e5300000|  0%| F|  |TAMS 0x00000000e5200000, 0x00000000e5200000| Untracked 
|  83|0x00000000e5300000, 0x00000000e5300000, 0x00000000e5400000|  0%| F|  |TAMS 0x00000000e5300000, 0x00000000e5300000| Untracked 
|  84|0x00000000e5400000, 0x00000000e5400000, 0x00000000e5500000|  0%| F|  |TAMS 0x00000000e5400000, 0x00000000e5400000| Untracked 
|  85|0x00000000e5500000, 0x00000000e5500000, 0x00000000e5600000|  0%| F|  |TAMS 0x00000000e5500000, 0x00000000e5500000| Untracked 
|  86|0x00000000e5600000, 0x00000000e5600000, 0x00000000e5700000|  0%| F|  |TAMS 0x00000000e5600000, 0x00000000e5600000| Untracked 
|  87|0x00000000e5700000, 0x00000000e5700000, 0x00000000e5800000|  0%| F|  |TAMS 0x00000000e5700000, 0x00000000e5700000| Untracked 
|  88|0x00000000e5800000, 0x00000000e5800000, 0x00000000e5900000|  0%| F|  |TAMS 0x00000000e5800000, 0x00000000e5800000| Untracked 
|  89|0x00000000e5900000, 0x00000000e5900000, 0x00000000e5a00000|  0%| F|  |TAMS 0x00000000e5900000, 0x00000000e5900000| Untracked 
|  90|0x00000000e5a00000, 0x00000000e5a00000, 0x00000000e5b00000|  0%| F|  |TAMS 0x00000000e5a00000, 0x00000000e5a00000| Untracked 
|  91|0x00000000e5b00000, 0x00000000e5b00000, 0x00000000e5c00000|  0%| F|  |TAMS 0x00000000e5b00000, 0x00000000e5b00000| Untracked 
|  92|0x00000000e5c00000, 0x00000000e5c00000, 0x00000000e5d00000|  0%| F|  |TAMS 0x00000000e5c00000, 0x00000000e5c00000| Untracked 
|  93|0x00000000e5d00000, 0x00000000e5da94e0, 0x00000000e5e00000| 66%| S|CS|TAMS 0x00000000e5d00000, 0x00000000e5d00000| Complete 
|  94|0x00000000e5e00000, 0x00000000e5f00000, 0x00000000e5f00000|100%| S|CS|TAMS 0x00000000e5e00000, 0x00000000e5e00000| Complete 
|  95|0x00000000e5f00000, 0x00000000e6000000, 0x00000000e6000000|100%| S|CS|TAMS 0x00000000e5f00000, 0x00000000e5f00000| Complete 
|  96|0x00000000e6000000, 0x00000000e6100000, 0x00000000e6100000|100%| S|CS|TAMS 0x00000000e6000000, 0x00000000e6000000| Complete 
|  97|0x00000000e6100000, 0x00000000e6200000, 0x00000000e6200000|100%| S|CS|TAMS 0x00000000e6100000, 0x00000000e6100000| Complete 
|  98|0x00000000e6200000, 0x00000000e6300000, 0x00000000e6300000|100%| S|CS|TAMS 0x00000000e6200000, 0x00000000e6200000| Complete 
|  99|0x00000000e6300000, 0x00000000e6400000, 0x00000000e6400000|100%| S|CS|TAMS 0x00000000e6300000, 0x00000000e6300000| Complete 
| 100|0x00000000e6400000, 0x00000000e6500000, 0x00000000e6500000|100%| S|CS|TAMS 0x00000000e6400000, 0x00000000e6400000| Complete 
| 101|0x00000000e6500000, 0x00000000e6600000, 0x00000000e6600000|100%| S|CS|TAMS 0x00000000e6500000, 0x00000000e6500000| Complete 
| 102|0x00000000e6600000, 0x00000000e6700000, 0x00000000e6700000|100%| S|CS|TAMS 0x00000000e6600000, 0x00000000e6600000| Complete 
| 103|0x00000000e6700000, 0x00000000e6700000, 0x00000000e6800000|  0%| F|  |TAMS 0x00000000e6700000, 0x00000000e6700000| Untracked 
| 104|0x00000000e6800000, 0x00000000e6800000, 0x00000000e6900000|  0%| F|  |TAMS 0x00000000e6800000, 0x00000000e6800000| Untracked 
| 105|0x00000000e6900000, 0x00000000e6900000, 0x00000000e6a00000|  0%| F|  |TAMS 0x00000000e6900000, 0x00000000e6900000| Untracked 
| 106|0x00000000e6a00000, 0x00000000e6a00000, 0x00000000e6b00000|  0%| F|  |TAMS 0x00000000e6a00000, 0x00000000e6a00000| Untracked 
| 107|0x00000000e6b00000, 0x00000000e6b00000, 0x00000000e6c00000|  0%| F|  |TAMS 0x00000000e6b00000, 0x00000000e6b00000| Untracked 
| 108|0x00000000e6c00000, 0x00000000e6c00000, 0x00000000e6d00000|  0%| F|  |TAMS 0x00000000e6c00000, 0x00000000e6c00000| Untracked 
| 109|0x00000000e6d00000, 0x00000000e6d00000, 0x00000000e6e00000|  0%| F|  |TAMS 0x00000000e6d00000, 0x00000000e6d00000| Untracked 
| 110|0x00000000e6e00000, 0x00000000e6e00000, 0x00000000e6f00000|  0%| F|  |TAMS 0x00000000e6e00000, 0x00000000e6e00000| Untracked 
| 111|0x00000000e6f00000, 0x00000000e6f00000, 0x00000000e7000000|  0%| F|  |TAMS 0x00000000e6f00000, 0x00000000e6f00000| Untracked 
| 112|0x00000000e7000000, 0x00000000e7000000, 0x00000000e7100000|  0%| F|  |TAMS 0x00000000e7000000, 0x00000000e7000000| Untracked 
| 113|0x00000000e7100000, 0x00000000e7100000, 0x00000000e7200000|  0%| F|  |TAMS 0x00000000e7100000, 0x00000000e7100000| Untracked 
| 114|0x00000000e7200000, 0x00000000e7200000, 0x00000000e7300000|  0%| F|  |TAMS 0x00000000e7200000, 0x00000000e7200000| Untracked 
| 115|0x00000000e7300000, 0x00000000e7300000, 0x00000000e7400000|  0%| F|  |TAMS 0x00000000e7300000, 0x00000000e7300000| Untracked 
| 116|0x00000000e7400000, 0x00000000e7400000, 0x00000000e7500000|  0%| F|  |TAMS 0x00000000e7400000, 0x00000000e7400000| Untracked 
| 117|0x00000000e7500000, 0x00000000e7500000, 0x00000000e7600000|  0%| F|  |TAMS 0x00000000e7500000, 0x00000000e7500000| Untracked 
| 118|0x00000000e7600000, 0x00000000e7600000, 0x00000000e7700000|  0%| F|  |TAMS 0x00000000e7600000, 0x00000000e7600000| Untracked 
| 119|0x00000000e7700000, 0x00000000e7700000, 0x00000000e7800000|  0%| F|  |TAMS 0x00000000e7700000, 0x00000000e7700000| Untracked 
| 120|0x00000000e7800000, 0x00000000e7800000, 0x00000000e7900000|  0%| F|  |TAMS 0x00000000e7800000, 0x00000000e7800000| Untracked 
| 121|0x00000000e7900000, 0x00000000e7900000, 0x00000000e7a00000|  0%| F|  |TAMS 0x00000000e7900000, 0x00000000e7900000| Untracked 
| 122|0x00000000e7a00000, 0x00000000e7a00000, 0x00000000e7b00000|  0%| F|  |TAMS 0x00000000e7a00000, 0x00000000e7a00000| Untracked 
| 123|0x00000000e7b00000, 0x00000000e7b00000, 0x00000000e7c00000|  0%| F|  |TAMS 0x00000000e7b00000, 0x00000000e7b00000| Untracked 
| 124|0x00000000e7c00000, 0x00000000e7c00000, 0x00000000e7d00000|  0%| F|  |TAMS 0x00000000e7c00000, 0x00000000e7c00000| Untracked 
| 125|0x00000000e7d00000, 0x00000000e7d00000, 0x00000000e7e00000|  0%| F|  |TAMS 0x00000000e7d00000, 0x00000000e7d00000| Untracked 
| 126|0x00000000e7e00000, 0x00000000e7e00000, 0x00000000e7f00000|  0%| F|  |TAMS 0x00000000e7e00000, 0x00000000e7e00000| Untracked 
| 127|0x00000000e7f00000, 0x00000000e7f00000, 0x00000000e8000000|  0%| F|  |TAMS 0x00000000e7f00000, 0x00000000e7f00000| Untracked 
| 128|0x00000000e8000000, 0x00000000e8000000, 0x00000000e8100000|  0%| F|  |TAMS 0x00000000e8000000, 0x00000000e8000000| Untracked 
| 129|0x00000000e8100000, 0x00000000e8100000, 0x00000000e8200000|  0%| F|  |TAMS 0x00000000e8100000, 0x00000000e8100000| Untracked 
| 130|0x00000000e8200000, 0x00000000e8200000, 0x00000000e8300000|  0%| F|  |TAMS 0x00000000e8200000, 0x00000000e8200000| Untracked 
| 131|0x00000000e8300000, 0x00000000e8300000, 0x00000000e8400000|  0%| F|  |TAMS 0x00000000e8300000, 0x00000000e8300000| Untracked 
| 132|0x00000000e8400000, 0x00000000e8400000, 0x00000000e8500000|  0%| F|  |TAMS 0x00000000e8400000, 0x00000000e8400000| Untracked 
| 133|0x00000000e8500000, 0x00000000e8500000, 0x00000000e8600000|  0%| F|  |TAMS 0x00000000e8500000, 0x00000000e8500000| Untracked 
| 134|0x00000000e8600000, 0x00000000e8600000, 0x00000000e8700000|  0%| F|  |TAMS 0x00000000e8600000, 0x00000000e8600000| Untracked 
| 135|0x00000000e8700000, 0x00000000e8700000, 0x00000000e8800000|  0%| F|  |TAMS 0x00000000e8700000, 0x00000000e8700000| Untracked 
| 136|0x00000000e8800000, 0x00000000e8800000, 0x00000000e8900000|  0%| F|  |TAMS 0x00000000e8800000, 0x00000000e8800000| Untracked 
| 137|0x00000000e8900000, 0x00000000e8900000, 0x00000000e8a00000|  0%| F|  |TAMS 0x00000000e8900000, 0x00000000e8900000| Untracked 
| 138|0x00000000e8a00000, 0x00000000e8a00000, 0x00000000e8b00000|  0%| F|  |TAMS 0x00000000e8a00000, 0x00000000e8a00000| Untracked 
| 139|0x00000000e8b00000, 0x00000000e8b00000, 0x00000000e8c00000|  0%| F|  |TAMS 0x00000000e8b00000, 0x00000000e8b00000| Untracked 
| 140|0x00000000e8c00000, 0x00000000e8c00000, 0x00000000e8d00000|  0%| F|  |TAMS 0x00000000e8c00000, 0x00000000e8c00000| Untracked 
| 141|0x00000000e8d00000, 0x00000000e8d00000, 0x00000000e8e00000|  0%| F|  |TAMS 0x00000000e8d00000, 0x00000000e8d00000| Untracked 
| 142|0x00000000e8e00000, 0x00000000e8e00000, 0x00000000e8f00000|  0%| F|  |TAMS 0x00000000e8e00000, 0x00000000e8e00000| Untracked 
| 143|0x00000000e8f00000, 0x00000000e8f00000, 0x00000000e9000000|  0%| F|  |TAMS 0x00000000e8f00000, 0x00000000e8f00000| Untracked 
| 144|0x00000000e9000000, 0x00000000e9000000, 0x00000000e9100000|  0%| F|  |TAMS 0x00000000e9000000, 0x00000000e9000000| Untracked 
| 145|0x00000000e9100000, 0x00000000e9100000, 0x00000000e9200000|  0%| F|  |TAMS 0x00000000e9100000, 0x00000000e9100000| Untracked 
| 146|0x00000000e9200000, 0x00000000e9200000, 0x00000000e9300000|  0%| F|  |TAMS 0x00000000e9200000, 0x00000000e9200000| Untracked 
| 147|0x00000000e9300000, 0x00000000e9300000, 0x00000000e9400000|  0%| F|  |TAMS 0x00000000e9300000, 0x00000000e9300000| Untracked 
| 148|0x00000000e9400000, 0x00000000e9400000, 0x00000000e9500000|  0%| F|  |TAMS 0x00000000e9400000, 0x00000000e9400000| Untracked 
| 149|0x00000000e9500000, 0x00000000e9500000, 0x00000000e9600000|  0%| F|  |TAMS 0x00000000e9500000, 0x00000000e9500000| Untracked 
| 150|0x00000000e9600000, 0x00000000e9600000, 0x00000000e9700000|  0%| F|  |TAMS 0x00000000e9600000, 0x00000000e9600000| Untracked 
| 151|0x00000000e9700000, 0x00000000e9700000, 0x00000000e9800000|  0%| F|  |TAMS 0x00000000e9700000, 0x00000000e9700000| Untracked 
| 152|0x00000000e9800000, 0x00000000e9800000, 0x00000000e9900000|  0%| F|  |TAMS 0x00000000e9800000, 0x00000000e9800000| Untracked 
| 153|0x00000000e9900000, 0x00000000e9900000, 0x00000000e9a00000|  0%| F|  |TAMS 0x00000000e9900000, 0x00000000e9900000| Untracked 
| 154|0x00000000e9a00000, 0x00000000e9a00000, 0x00000000e9b00000|  0%| F|  |TAMS 0x00000000e9a00000, 0x00000000e9a00000| Untracked 
| 155|0x00000000e9b00000, 0x00000000e9b00000, 0x00000000e9c00000|  0%| F|  |TAMS 0x00000000e9b00000, 0x00000000e9b00000| Untracked 
| 156|0x00000000e9c00000, 0x00000000e9c00000, 0x00000000e9d00000|  0%| F|  |TAMS 0x00000000e9c00000, 0x00000000e9c00000| Untracked 
| 157|0x00000000e9d00000, 0x00000000e9d00000, 0x00000000e9e00000|  0%| F|  |TAMS 0x00000000e9d00000, 0x00000000e9d00000| Untracked 
| 158|0x00000000e9e00000, 0x00000000e9e00000, 0x00000000e9f00000|  0%| F|  |TAMS 0x00000000e9e00000, 0x00000000e9e00000| Untracked 
| 159|0x00000000e9f00000, 0x00000000e9f00000, 0x00000000ea000000|  0%| F|  |TAMS 0x00000000e9f00000, 0x00000000e9f00000| Untracked 
| 160|0x00000000ea000000, 0x00000000ea000000, 0x00000000ea100000|  0%| F|  |TAMS 0x00000000ea000000, 0x00000000ea000000| Untracked 
| 161|0x00000000ea100000, 0x00000000ea100000, 0x00000000ea200000|  0%| F|  |TAMS 0x00000000ea100000, 0x00000000ea100000| Untracked 
| 162|0x00000000ea200000, 0x00000000ea200000, 0x00000000ea300000|  0%| F|  |TAMS 0x00000000ea200000, 0x00000000ea200000| Untracked 
| 163|0x00000000ea300000, 0x00000000ea300000, 0x00000000ea400000|  0%| F|  |TAMS 0x00000000ea300000, 0x00000000ea300000| Untracked 
| 164|0x00000000ea400000, 0x00000000ea400000, 0x00000000ea500000|  0%| F|  |TAMS 0x00000000ea400000, 0x00000000ea400000| Untracked 
| 165|0x00000000ea500000, 0x00000000ea500000, 0x00000000ea600000|  0%| F|  |TAMS 0x00000000ea500000, 0x00000000ea500000| Untracked 
| 166|0x00000000ea600000, 0x00000000ea600000, 0x00000000ea700000|  0%| F|  |TAMS 0x00000000ea600000, 0x00000000ea600000| Untracked 
| 167|0x00000000ea700000, 0x00000000ea700000, 0x00000000ea800000|  0%| F|  |TAMS 0x00000000ea700000, 0x00000000ea700000| Untracked 
| 168|0x00000000ea800000, 0x00000000ea800000, 0x00000000ea900000|  0%| F|  |TAMS 0x00000000ea800000, 0x00000000ea800000| Untracked 
| 169|0x00000000ea900000, 0x00000000ea900000, 0x00000000eaa00000|  0%| F|  |TAMS 0x00000000ea900000, 0x00000000ea900000| Untracked 
| 170|0x00000000eaa00000, 0x00000000eaa00000, 0x00000000eab00000|  0%| F|  |TAMS 0x00000000eaa00000, 0x00000000eaa00000| Untracked 
| 171|0x00000000eab00000, 0x00000000eab00000, 0x00000000eac00000|  0%| F|  |TAMS 0x00000000eab00000, 0x00000000eab00000| Untracked 
| 172|0x00000000eac00000, 0x00000000eac00000, 0x00000000ead00000|  0%| F|  |TAMS 0x00000000eac00000, 0x00000000eac00000| Untracked 
| 173|0x00000000ead00000, 0x00000000ead00000, 0x00000000eae00000|  0%| F|  |TAMS 0x00000000ead00000, 0x00000000ead00000| Untracked 
| 174|0x00000000eae00000, 0x00000000eae00000, 0x00000000eaf00000|  0%| F|  |TAMS 0x00000000eae00000, 0x00000000eae00000| Untracked 
| 175|0x00000000eaf00000, 0x00000000eaf00000, 0x00000000eb000000|  0%| F|  |TAMS 0x00000000eaf00000, 0x00000000eaf00000| Untracked 
| 176|0x00000000eb000000, 0x00000000eb000000, 0x00000000eb100000|  0%| F|  |TAMS 0x00000000eb000000, 0x00000000eb000000| Untracked 
| 177|0x00000000eb100000, 0x00000000eb100000, 0x00000000eb200000|  0%| F|  |TAMS 0x00000000eb100000, 0x00000000eb100000| Untracked 
| 178|0x00000000eb200000, 0x00000000eb200000, 0x00000000eb300000|  0%| F|  |TAMS 0x00000000eb200000, 0x00000000eb200000| Untracked 
| 179|0x00000000eb300000, 0x00000000eb300000, 0x00000000eb400000|  0%| F|  |TAMS 0x00000000eb300000, 0x00000000eb300000| Untracked 
| 180|0x00000000eb400000, 0x00000000eb400000, 0x00000000eb500000|  0%| F|  |TAMS 0x00000000eb400000, 0x00000000eb400000| Untracked 
| 181|0x00000000eb500000, 0x00000000eb500000, 0x00000000eb600000|  0%| F|  |TAMS 0x00000000eb500000, 0x00000000eb500000| Untracked 
| 182|0x00000000eb600000, 0x00000000eb600000, 0x00000000eb700000|  0%| F|  |TAMS 0x00000000eb600000, 0x00000000eb600000| Untracked 
| 183|0x00000000eb700000, 0x00000000eb700000, 0x00000000eb800000|  0%| F|  |TAMS 0x00000000eb700000, 0x00000000eb700000| Untracked 
| 184|0x00000000eb800000, 0x00000000eb800000, 0x00000000eb900000|  0%| F|  |TAMS 0x00000000eb800000, 0x00000000eb800000| Untracked 
| 185|0x00000000eb900000, 0x00000000eb900000, 0x00000000eba00000|  0%| F|  |TAMS 0x00000000eb900000, 0x00000000eb900000| Untracked 
| 186|0x00000000eba00000, 0x00000000eba00000, 0x00000000ebb00000|  0%| F|  |TAMS 0x00000000eba00000, 0x00000000eba00000| Untracked 
| 187|0x00000000ebb00000, 0x00000000ebb00000, 0x00000000ebc00000|  0%| F|  |TAMS 0x00000000ebb00000, 0x00000000ebb00000| Untracked 
| 188|0x00000000ebc00000, 0x00000000ebc00000, 0x00000000ebd00000|  0%| F|  |TAMS 0x00000000ebc00000, 0x00000000ebc00000| Untracked 
| 189|0x00000000ebd00000, 0x00000000ebd00000, 0x00000000ebe00000|  0%| F|  |TAMS 0x00000000ebd00000, 0x00000000ebd00000| Untracked 
| 190|0x00000000ebe00000, 0x00000000ebe00000, 0x00000000ebf00000|  0%| F|  |TAMS 0x00000000ebe00000, 0x00000000ebe00000| Untracked 
| 191|0x00000000ebf00000, 0x00000000ebf00000, 0x00000000ec000000|  0%| F|  |TAMS 0x00000000ebf00000, 0x00000000ebf00000| Untracked 
| 192|0x00000000ec000000, 0x00000000ec000000, 0x00000000ec100000|  0%| F|  |TAMS 0x00000000ec000000, 0x00000000ec000000| Untracked 
| 193|0x00000000ec100000, 0x00000000ec100000, 0x00000000ec200000|  0%| F|  |TAMS 0x00000000ec100000, 0x00000000ec100000| Untracked 
| 194|0x00000000ec200000, 0x00000000ec200000, 0x00000000ec300000|  0%| F|  |TAMS 0x00000000ec200000, 0x00000000ec200000| Untracked 
| 195|0x00000000ec300000, 0x00000000ec300000, 0x00000000ec400000|  0%| F|  |TAMS 0x00000000ec300000, 0x00000000ec300000| Untracked 
| 196|0x00000000ec400000, 0x00000000ec400000, 0x00000000ec500000|  0%| F|  |TAMS 0x00000000ec400000, 0x00000000ec400000| Untracked 
| 197|0x00000000ec500000, 0x00000000ec500000, 0x00000000ec600000|  0%| F|  |TAMS 0x00000000ec500000, 0x00000000ec500000| Untracked 
| 198|0x00000000ec600000, 0x00000000ec600000, 0x00000000ec700000|  0%| F|  |TAMS 0x00000000ec600000, 0x00000000ec600000| Untracked 
| 199|0x00000000ec700000, 0x00000000ec700000, 0x00000000ec800000|  0%| F|  |TAMS 0x00000000ec700000, 0x00000000ec700000| Untracked 
| 200|0x00000000ec800000, 0x00000000ec900000, 0x00000000ec900000|100%| E|  |TAMS 0x00000000ec800000, 0x00000000ec800000| Complete 
| 201|0x00000000ec900000, 0x00000000eca00000, 0x00000000eca00000|100%| E|CS|TAMS 0x00000000ec900000, 0x00000000ec900000| Complete 
| 202|0x00000000eca00000, 0x00000000ecb00000, 0x00000000ecb00000|100%| E|CS|TAMS 0x00000000eca00000, 0x00000000eca00000| Complete 
| 203|0x00000000ecb00000, 0x00000000ecc00000, 0x00000000ecc00000|100%| E|CS|TAMS 0x00000000ecb00000, 0x00000000ecb00000| Complete 
| 204|0x00000000ecc00000, 0x00000000ecd00000, 0x00000000ecd00000|100%| E|CS|TAMS 0x00000000ecc00000, 0x00000000ecc00000| Complete 
| 205|0x00000000ecd00000, 0x00000000ece00000, 0x00000000ece00000|100%| E|CS|TAMS 0x00000000ecd00000, 0x00000000ecd00000| Complete 
| 206|0x00000000ece00000, 0x00000000ecf00000, 0x00000000ecf00000|100%| E|CS|TAMS 0x00000000ece00000, 0x00000000ece00000| Complete 
| 207|0x00000000ecf00000, 0x00000000ed000000, 0x00000000ed000000|100%| E|CS|TAMS 0x00000000ecf00000, 0x00000000ecf00000| Complete 
| 208|0x00000000ed000000, 0x00000000ed100000, 0x00000000ed100000|100%| E|CS|TAMS 0x00000000ed000000, 0x00000000ed000000| Complete 
| 209|0x00000000ed100000, 0x00000000ed200000, 0x00000000ed200000|100%| E|CS|TAMS 0x00000000ed100000, 0x00000000ed100000| Complete 
| 210|0x00000000ed200000, 0x00000000ed300000, 0x00000000ed300000|100%| E|CS|TAMS 0x00000000ed200000, 0x00000000ed200000| Complete 
| 211|0x00000000ed300000, 0x00000000ed400000, 0x00000000ed400000|100%| E|CS|TAMS 0x00000000ed300000, 0x00000000ed300000| Complete 
| 212|0x00000000ed400000, 0x00000000ed500000, 0x00000000ed500000|100%| E|CS|TAMS 0x00000000ed400000, 0x00000000ed400000| Complete 
| 213|0x00000000ed500000, 0x00000000ed600000, 0x00000000ed600000|100%| E|CS|TAMS 0x00000000ed500000, 0x00000000ed500000| Complete 
| 214|0x00000000ed600000, 0x00000000ed700000, 0x00000000ed700000|100%| E|CS|TAMS 0x00000000ed600000, 0x00000000ed600000| Complete 
| 215|0x00000000ed700000, 0x00000000ed800000, 0x00000000ed800000|100%| E|CS|TAMS 0x00000000ed700000, 0x00000000ed700000| Complete 
| 216|0x00000000ed800000, 0x00000000ed900000, 0x00000000ed900000|100%| E|CS|TAMS 0x00000000ed800000, 0x00000000ed800000| Complete 
| 217|0x00000000ed900000, 0x00000000eda00000, 0x00000000eda00000|100%| E|CS|TAMS 0x00000000ed900000, 0x00000000ed900000| Complete 
| 218|0x00000000eda00000, 0x00000000edb00000, 0x00000000edb00000|100%| E|CS|TAMS 0x00000000eda00000, 0x00000000eda00000| Complete 
| 219|0x00000000edb00000, 0x00000000edc00000, 0x00000000edc00000|100%| E|CS|TAMS 0x00000000edb00000, 0x00000000edb00000| Complete 
| 220|0x00000000edc00000, 0x00000000edd00000, 0x00000000edd00000|100%| E|CS|TAMS 0x00000000edc00000, 0x00000000edc00000| Complete 
| 221|0x00000000edd00000, 0x00000000ede00000, 0x00000000ede00000|100%| E|CS|TAMS 0x00000000edd00000, 0x00000000edd00000| Complete 
| 222|0x00000000ede00000, 0x00000000edf00000, 0x00000000edf00000|100%| E|CS|TAMS 0x00000000ede00000, 0x00000000ede00000| Complete 
| 223|0x00000000edf00000, 0x00000000ee000000, 0x00000000ee000000|100%| E|CS|TAMS 0x00000000edf00000, 0x00000000edf00000| Complete 
| 224|0x00000000ee000000, 0x00000000ee100000, 0x00000000ee100000|100%| E|CS|TAMS 0x00000000ee000000, 0x00000000ee000000| Complete 
| 225|0x00000000ee100000, 0x00000000ee200000, 0x00000000ee200000|100%| E|CS|TAMS 0x00000000ee100000, 0x00000000ee100000| Complete 
| 226|0x00000000ee200000, 0x00000000ee300000, 0x00000000ee300000|100%| E|CS|TAMS 0x00000000ee200000, 0x00000000ee200000| Complete 
| 227|0x00000000ee300000, 0x00000000ee400000, 0x00000000ee400000|100%| E|CS|TAMS 0x00000000ee300000, 0x00000000ee300000| Complete 
| 228|0x00000000ee400000, 0x00000000ee500000, 0x00000000ee500000|100%| E|CS|TAMS 0x00000000ee400000, 0x00000000ee400000| Complete 
| 229|0x00000000ee500000, 0x00000000ee600000, 0x00000000ee600000|100%| E|CS|TAMS 0x00000000ee500000, 0x00000000ee500000| Complete 
| 230|0x00000000ee600000, 0x00000000ee700000, 0x00000000ee700000|100%| E|CS|TAMS 0x00000000ee600000, 0x00000000ee600000| Complete 
| 231|0x00000000ee700000, 0x00000000ee800000, 0x00000000ee800000|100%| E|CS|TAMS 0x00000000ee700000, 0x00000000ee700000| Complete 
| 232|0x00000000ee800000, 0x00000000ee900000, 0x00000000ee900000|100%| E|CS|TAMS 0x00000000ee800000, 0x00000000ee800000| Complete 
| 233|0x00000000ee900000, 0x00000000eea00000, 0x00000000eea00000|100%| E|CS|TAMS 0x00000000ee900000, 0x00000000ee900000| Complete 
| 234|0x00000000eea00000, 0x00000000eeb00000, 0x00000000eeb00000|100%| E|CS|TAMS 0x00000000eea00000, 0x00000000eea00000| Complete 
| 235|0x00000000eeb00000, 0x00000000eec00000, 0x00000000eec00000|100%| E|CS|TAMS 0x00000000eeb00000, 0x00000000eeb00000| Complete 
| 236|0x00000000eec00000, 0x00000000eed00000, 0x00000000eed00000|100%| E|CS|TAMS 0x00000000eec00000, 0x00000000eec00000| Complete 
| 237|0x00000000eed00000, 0x00000000eee00000, 0x00000000eee00000|100%| E|CS|TAMS 0x00000000eed00000, 0x00000000eed00000| Complete 
| 238|0x00000000eee00000, 0x00000000eef00000, 0x00000000eef00000|100%| E|  |TAMS 0x00000000eee00000, 0x00000000eee00000| Complete 
| 239|0x00000000eef00000, 0x00000000ef000000, 0x00000000ef000000|100%| E|CS|TAMS 0x00000000eef00000, 0x00000000eef00000| Complete 
| 240|0x00000000ef000000, 0x00000000ef100000, 0x00000000ef100000|100%| E|CS|TAMS 0x00000000ef000000, 0x00000000ef000000| Complete 
| 241|0x00000000ef100000, 0x00000000ef200000, 0x00000000ef200000|100%| E|CS|TAMS 0x00000000ef100000, 0x00000000ef100000| Complete 
| 242|0x00000000ef200000, 0x00000000ef300000, 0x00000000ef300000|100%| E|CS|TAMS 0x00000000ef200000, 0x00000000ef200000| Complete 
| 243|0x00000000ef300000, 0x00000000ef400000, 0x00000000ef400000|100%| E|CS|TAMS 0x00000000ef300000, 0x00000000ef300000| Complete 
| 244|0x00000000ef400000, 0x00000000ef500000, 0x00000000ef500000|100%| E|CS|TAMS 0x00000000ef400000, 0x00000000ef400000| Complete 
| 245|0x00000000ef500000, 0x00000000ef600000, 0x00000000ef600000|100%| E|CS|TAMS 0x00000000ef500000, 0x00000000ef500000| Complete 
| 246|0x00000000ef600000, 0x00000000ef700000, 0x00000000ef700000|100%| E|CS|TAMS 0x00000000ef600000, 0x00000000ef600000| Complete 
| 247|0x00000000ef700000, 0x00000000ef800000, 0x00000000ef800000|100%| E|CS|TAMS 0x00000000ef700000, 0x00000000ef700000| Complete 
| 248|0x00000000ef800000, 0x00000000ef900000, 0x00000000ef900000|100%| E|CS|TAMS 0x00000000ef800000, 0x00000000ef800000| Complete 
| 249|0x00000000ef900000, 0x00000000efa00000, 0x00000000efa00000|100%| E|CS|TAMS 0x00000000ef900000, 0x00000000ef900000| Complete 
| 250|0x00000000efa00000, 0x00000000efb00000, 0x00000000efb00000|100%| E|CS|TAMS 0x00000000efa00000, 0x00000000efa00000| Complete 
| 251|0x00000000efb00000, 0x00000000efc00000, 0x00000000efc00000|100%| E|CS|TAMS 0x00000000efb00000, 0x00000000efb00000| Complete 
| 252|0x00000000efc00000, 0x00000000efd00000, 0x00000000efd00000|100%| E|CS|TAMS 0x00000000efc00000, 0x00000000efc00000| Complete 
| 253|0x00000000efd00000, 0x00000000efe00000, 0x00000000efe00000|100%| E|CS|TAMS 0x00000000efd00000, 0x00000000efd00000| Complete 
| 254|0x00000000efe00000, 0x00000000eff00000, 0x00000000eff00000|100%| E|CS|TAMS 0x00000000efe00000, 0x00000000efe00000| Complete 
| 255|0x00000000eff00000, 0x00000000f0000000, 0x00000000f0000000|100%| E|CS|TAMS 0x00000000eff00000, 0x00000000eff00000| Complete 

Card table byte_map: [0x000001c1b54a0000,0x000001c1b55a0000] _byte_map_base: 0x000001c1b4da0000

Marking Bits (Prev, Next): (CMBitMap*) 0x000001c19e7c8270, (CMBitMap*) 0x000001c19e7c82b0
 Prev Bits: [0x000001c1b56a0000, 0x000001c1b5ea0000)
 Next Bits: [0x000001c1b5ea0000, 0x000001c1b66a0000)

Polling page: 0x000001c19c6e0000

Metaspace:

Usage:
  Non-class:     45.19 MB used.
      Class:      7.52 MB used.
       Both:     52.71 MB used.

Virtual space:
  Non-class space:       64.00 MB reserved,      45.56 MB ( 71%) committed,  1 nodes.
      Class space:      320.00 MB reserved,       7.81 MB (  2%) committed,  1 nodes.
             Both:      384.00 MB reserved,      53.38 MB ( 14%) committed. 

Chunk freelists:
   Non-Class:  2.14 MB
       Class:  8.10 MB
        Both:  10.24 MB

MaxMetaspaceSize: 384.00 MB
CompressedClassSpaceSize: 320.00 MB
Initial GC threshold: 21.00 MB
Current GC threshold: 58.75 MB
CDS: on
MetaspaceReclaimPolicy: balanced
 - commit_granule_bytes: 65536.
 - commit_granule_words: 8192.
 - virtual_space_node_default_size: 8388608.
 - enlarge_chunks_in_place: 1.
 - new_chunks_are_fully_committed: 0.
 - uncommit_free_chunks: 1.
 - use_allocation_guard: 0.
 - handle_deallocations: 1.


Internal statistics:

num_allocs_failed_limit: 6.
num_arena_births: 670.
num_arena_deaths: 0.
num_vsnodes_births: 2.
num_vsnodes_deaths: 0.
num_space_committed: 854.
num_space_uncommitted: 0.
num_chunks_returned_to_freelist: 6.
num_chunks_taken_from_freelist: 2875.
num_chunk_merges: 6.
num_chunk_splits: 1873.
num_chunks_enlarged: 1259.
num_inconsistent_stats: 0.

CodeHeap 'non-profiled nmethods': size=120000Kb used=3263Kb max_used=3263Kb free=116736Kb
 bounds [0x000001c1adb30000, 0x000001c1ade60000, 0x000001c1b5060000]
CodeHeap 'profiled nmethods': size=120000Kb used=10521Kb max_used=10521Kb free=109478Kb
 bounds [0x000001c1a6060000, 0x000001c1a6ab0000, 0x000001c1ad590000]
CodeHeap 'non-nmethods': size=5760Kb used=2337Kb max_used=2391Kb free=3422Kb
 bounds [0x000001c1ad590000, 0x000001c1ad810000, 0x000001c1adb30000]
 total_blobs=6272 nmethods=5417 adapters=767
 compilation: enabled
              stopped_count=0, restarted_count=0
 full_count=0

Compilation events (20 events):
Event: 6.733 Thread 0x000001c1b90f7900 6196       1       org.codehaus.groovy.ast.MethodNode::getParameters (5 bytes)
Event: 6.733 Thread 0x000001c1b90f7900 nmethod 6196 0x000001c1ade5b610 code [0x000001c1ade5b7a0, 0x000001c1ade5b878]
Event: 6.735 Thread 0x000001c1b90f7900 6201   !   3       org.codehaus.groovy.ast.ClassNode::lazyClassInit (71 bytes)
Event: 6.735 Thread 0x000001c1b90f7900 nmethod 6201 0x000001c1a6a63190 code [0x000001c1a6a63380, 0x000001c1a6a638f8]
Event: 6.748 Thread 0x000001c1b90f7900 6202       1       org.codehaus.groovy.ast.stmt.ReturnStatement::setExpression (6 bytes)
Event: 6.749 Thread 0x000001c1b90f7900 nmethod 6202 0x000001c1ade5b910 code [0x000001c1ade5baa0, 0x000001c1ade5bbb8]
Event: 6.750 Thread 0x000001c1b90f7900 6203       3       java.util.Arrays::stream (8 bytes)
Event: 6.750 Thread 0x000001c1b90f7900 nmethod 6203 0x000001c1a6a63b10 code [0x000001c1a6a63cc0, 0x000001c1a6a63ed8]
Event: 6.750 Thread 0x000001c1b90f7900 6204       3       java.util.Arrays::stream (11 bytes)
Event: 6.750 Thread 0x000001c1b90f7900 nmethod 6204 0x000001c1a6a64010 code [0x000001c1a6a641c0, 0x000001c1a6a64358]
Event: 6.750 Thread 0x000001c1b90f7900 6205       3       java.util.Arrays::spliterator (10 bytes)
Event: 6.750 Thread 0x000001c1b90f7900 nmethod 6205 0x000001c1a6a64410 code [0x000001c1a6a645a0, 0x000001c1a6a646c8]
Event: 6.758 Thread 0x000001c1b90f7900 6206       1       org.codehaus.groovy.ast.expr.MethodCallExpression::getMethod (5 bytes)
Event: 6.758 Thread 0x000001c1b90f7900 nmethod 6206 0x000001c1ade5bc10 code [0x000001c1ade5bda0, 0x000001c1ade5be78]
Event: 6.762 Thread 0x000001c1b90f7900 6207       1       org.codehaus.groovy.ast.MethodNode::getReturnType (5 bytes)
Event: 6.762 Thread 0x000001c1b90f7900 nmethod 6207 0x000001c1ade5bf10 code [0x000001c1ade5c0a0, 0x000001c1ade5c178]
Event: 6.763 Thread 0x000001c1b90f7900 6208       3       org.codehaus.groovy.ast.MethodNode::isAbstract (17 bytes)
Event: 6.763 Thread 0x000001c1b90f7900 nmethod 6208 0x000001c1a6a64790 code [0x000001c1a6a64920, 0x000001c1a6a64a98]
Event: 6.792 Thread 0x000001c1b90f7900 6210       1       org.codehaus.groovy.ast.MethodNode::setCode (6 bytes)
Event: 6.792 Thread 0x000001c1b90f7900 nmethod 6210 0x000001c1ade5c510 code [0x000001c1ade5c6a0, 0x000001c1ade5c7b8]

GC Heap History (12 events):
Event: 0.386 GC heap before
{Heap before GC invocations=0 (full 0):
 garbage-first heap   total 262144K, used 22528K [0x00000000e0000000, 0x0000000100000000)
  region size 1024K, 23 young (23552K), 0 survivors (0K)
 Metaspace       used 1115K, committed 1280K, reserved 393216K
  class space    used 78K, committed 128K, reserved 327680K
}
Event: 0.388 GC heap after
{Heap after GC invocations=1 (full 0):
 garbage-first heap   total 262144K, used 3468K [0x00000000e0000000, 0x0000000100000000)
  region size 1024K, 3 young (3072K), 3 survivors (3072K)
 Metaspace       used 1115K, committed 1280K, reserved 393216K
  class space    used 78K, committed 128K, reserved 327680K
}
Event: 0.874 GC heap before
{Heap before GC invocations=1 (full 0):
 garbage-first heap   total 262144K, used 38284K [0x00000000e0000000, 0x0000000100000000)
  region size 1024K, 34 young (34816K), 3 survivors (3072K)
 Metaspace       used 4374K, committed 4544K, reserved 393216K
  class space    used 549K, committed 640K, reserved 327680K
}
Event: 0.877 GC heap after
{Heap after GC invocations=2 (full 0):
 garbage-first heap   total 262144K, used 11583K [0x00000000e0000000, 0x0000000100000000)
  region size 1024K, 5 young (5120K), 5 survivors (5120K)
 Metaspace       used 4374K, committed 4544K, reserved 393216K
  class space    used 549K, committed 640K, reserved 327680K
}
Event: 1.303 GC heap before
{Heap before GC invocations=2 (full 0):
 garbage-first heap   total 262144K, used 58687K [0x00000000e0000000, 0x0000000100000000)
  region size 1024K, 49 young (50176K), 5 survivors (5120K)
 Metaspace       used 4632K, committed 4800K, reserved 393216K
  class space    used 575K, committed 640K, reserved 327680K
}
Event: 1.307 GC heap after
{Heap after GC invocations=3 (full 0):
 garbage-first heap   total 262144K, used 16903K [0x00000000e0000000, 0x0000000100000000)
  region size 1024K, 5 young (5120K), 5 survivors (5120K)
 Metaspace       used 4632K, committed 4800K, reserved 393216K
  class space    used 575K, committed 640K, reserved 327680K
}
Event: 2.955 GC heap before
{Heap before GC invocations=3 (full 0):
 garbage-first heap   total 262144K, used 124423K [0x00000000e0000000, 0x0000000100000000)
  region size 1024K, 111 young (113664K), 5 survivors (5120K)
 Metaspace       used 21174K, committed 21504K, reserved 393216K
  class space    used 3098K, committed 3264K, reserved 327680K
}
Event: 2.968 GC heap after
{Heap after GC invocations=4 (full 0):
 garbage-first heap   total 262144K, used 24580K [0x00000000e0000000, 0x0000000100000000)
  region size 1024K, 12 young (12288K), 12 survivors (12288K)
 Metaspace       used 21174K, committed 21504K, reserved 393216K
  class space    used 3098K, committed 3264K, reserved 327680K
}
Event: 4.670 GC heap before
{Heap before GC invocations=5 (full 0):
 garbage-first heap   total 262144K, used 159748K [0x00000000e0000000, 0x0000000100000000)
  region size 1024K, 130 young (133120K), 12 survivors (12288K)
 Metaspace       used 35540K, committed 35968K, reserved 393216K
  class space    used 4936K, committed 5120K, reserved 327680K
}
Event: 4.684 GC heap after
{Heap after GC invocations=6 (full 0):
 garbage-first heap   total 262144K, used 47090K [0x00000000e0000000, 0x0000000100000000)
  region size 1024K, 19 young (19456K), 19 survivors (19456K)
 Metaspace       used 35540K, committed 35968K, reserved 393216K
  class space    used 4936K, committed 5120K, reserved 327680K
}
Event: 6.242 GC heap before
{Heap before GC invocations=7 (full 0):
 garbage-first heap   total 262144K, used 199666K [0x00000000e0000000, 0x0000000100000000)
  region size 1024K, 153 young (156672K), 19 survivors (19456K)
 Metaspace       used 48399K, committed 49088K, reserved 393216K
  class space    used 6856K, committed 7168K, reserved 327680K
}
Event: 6.259 GC heap after
{Heap after GC invocations=8 (full 0):
 garbage-first heap   total 262144K, used 69936K [0x00000000e0000000, 0x0000000100000000)
  region size 1024K, 10 young (10240K), 10 survivors (10240K)
 Metaspace       used 48399K, committed 49088K, reserved 393216K
  class space    used 6856K, committed 7168K, reserved 327680K
}

Deoptimization events (20 events):
Event: 6.657 Thread 0x000001c1d44862d0 Uncommon trap: trap_request=0xffffffde fr.pc=0x000001c1adccec88 relative=0x00000000000008e8
Event: 6.657 Thread 0x000001c1d44862d0 Uncommon trap: reason=class_check action=maybe_recompile pc=0x000001c1adccec88 method=java.io.BufferedInputStream.read1([BII)I @ 39 c2
Event: 6.657 Thread 0x000001c1d44862d0 DEOPT PACKING pc=0x000001c1adccec88 sp=0x00000077f58f5b70
Event: 6.657 Thread 0x000001c1d44862d0 DEOPT UNPACKING pc=0x000001c1ad5e23a3 sp=0x00000077f58f5aa8 mode 2
Event: 6.664 Thread 0x000001c1d44862d0 Uncommon trap: trap_request=0xffffffc6 fr.pc=0x000001c1adccea1c relative=0x000000000000067c
Event: 6.664 Thread 0x000001c1d44862d0 Uncommon trap: reason=bimorphic_or_optimized_type_check action=maybe_recompile pc=0x000001c1adccea1c method=java.io.BufferedInputStream.read([BII)I @ 101 c2
Event: 6.664 Thread 0x000001c1d44862d0 DEOPT PACKING pc=0x000001c1adccea1c sp=0x00000077f58f5a30
Event: 6.664 Thread 0x000001c1d44862d0 DEOPT UNPACKING pc=0x000001c1ad5e23a3 sp=0x00000077f58f5a08 mode 2
Event: 6.686 Thread 0x000001c1d44862d0 Uncommon trap: trap_request=0xffffffc6 fr.pc=0x000001c1adccea1c relative=0x000000000000067c
Event: 6.686 Thread 0x000001c1d44862d0 Uncommon trap: reason=bimorphic_or_optimized_type_check action=maybe_recompile pc=0x000001c1adccea1c method=java.io.BufferedInputStream.read([BII)I @ 101 c2
Event: 6.686 Thread 0x000001c1d44862d0 DEOPT PACKING pc=0x000001c1adccea1c sp=0x00000077f58f54f0
Event: 6.686 Thread 0x000001c1d44862d0 DEOPT UNPACKING pc=0x000001c1ad5e23a3 sp=0x00000077f58f54c8 mode 2
Event: 6.694 Thread 0x000001c1d44862d0 Uncommon trap: trap_request=0xffffffde fr.pc=0x000001c1adccf880 relative=0x00000000000001c0
Event: 6.694 Thread 0x000001c1d44862d0 Uncommon trap: reason=class_check action=maybe_recompile pc=0x000001c1adccf880 method=java.io.BufferedInputStream.read1([BII)I @ 39 c2
Event: 6.694 Thread 0x000001c1d44862d0 DEOPT PACKING pc=0x000001c1adccf880 sp=0x00000077f58f5480
Event: 6.694 Thread 0x000001c1d44862d0 DEOPT UNPACKING pc=0x000001c1ad5e23a3 sp=0x00000077f58f5428 mode 2
Event: 6.694 Thread 0x000001c1d44862d0 Uncommon trap: trap_request=0xffffffde fr.pc=0x000001c1adccf880 relative=0x00000000000001c0
Event: 6.694 Thread 0x000001c1d44862d0 Uncommon trap: reason=class_check action=maybe_recompile pc=0x000001c1adccf880 method=java.io.BufferedInputStream.read1([BII)I @ 39 c2
Event: 6.694 Thread 0x000001c1d44862d0 DEOPT PACKING pc=0x000001c1adccf880 sp=0x00000077f58f5480
Event: 6.694 Thread 0x000001c1d44862d0 DEOPT UNPACKING pc=0x000001c1ad5e23a3 sp=0x00000077f58f5428 mode 2

Classes unloaded (0 events):
No events

Classes redefined (0 events):
No events

Internal exceptions (20 events):
Event: 6.125 Thread 0x000001c1d44862d0 Exception <a 'java/lang/ClassNotFoundException'{0x00000000e89f3548}: org/gradle/api/internal/project/DefaultProject_DecoratedBeanInfo> (0x00000000e89f3548) 
thrown [s\open\src\hotspot\share\classfile\systemDictionary.cpp, line 256]
Event: 6.125 Thread 0x000001c1d44862d0 Exception <a 'java/lang/ClassNotFoundException'{0x00000000e89fe670}: org/gradle/api/internal/project/DefaultProjectBeanInfo> (0x00000000e89fe670) 
thrown [s\open\src\hotspot\share\classfile\systemDictionary.cpp, line 256]
Event: 6.125 Thread 0x000001c1d44862d0 Exception <a 'java/lang/ClassNotFoundException'{0x00000000e8809d88}: org/gradle/api/internal/project/DefaultProjectCustomizer> (0x00000000e8809d88) 
thrown [s\open\src\hotspot\share\classfile\systemDictionary.cpp, line 256]
Event: 6.128 Thread 0x000001c1d44862d0 Exception <a 'java/lang/ClassNotFoundException'{0x00000000e88bb7c0}: org/gradle/api/internal/project/DefaultProject_DecoratedCustomizer> (0x00000000e88bb7c0) 
thrown [s\open\src\hotspot\share\classfile\systemDictionary.cpp, line 256]
Event: 6.161 Thread 0x000001c1d44862d0 Exception <a 'java/lang/ClassNotFoundException'{0x00000000e8326408}: IdeaPluginConfiguratorBeanInfo> (0x00000000e8326408) 
thrown [s\open\src\hotspot\share\classfile\systemDictionary.cpp, line 256]
Event: 6.162 Thread 0x000001c1d44862d0 Exception <a 'java/lang/ClassNotFoundException'{0x00000000e83310e0}: IdeaPluginConfiguratorCustomizer> (0x00000000e83310e0) 
thrown [s\open\src\hotspot\share\classfile\systemDictionary.cpp, line 256]
Event: 6.167 Thread 0x000001c1d44862d0 Exception <a 'java/lang/ClassNotFoundException'{0x00000000e82cfad8}: org/gradle/api/internal/plugins/DefaultPluginContainerBeanInfo> (0x00000000e82cfad8) 
thrown [s\open\src\hotspot\share\classfile\systemDictionary.cpp, line 256]
Event: 6.168 Thread 0x000001c1d44862d0 Exception <a 'java/lang/ClassNotFoundException'{0x00000000e82dae50}: org/gradle/api/internal/plugins/DefaultPluginCollectionBeanInfo> (0x00000000e82dae50) 
thrown [s\open\src\hotspot\share\classfile\systemDictionary.cpp, line 256]
Event: 6.168 Thread 0x000001c1d44862d0 Exception <a 'java/lang/ClassNotFoundException'{0x00000000e82e6b50}: org/gradle/api/internal/DefaultDomainObjectSetBeanInfo> (0x00000000e82e6b50) 
thrown [s\open\src\hotspot\share\classfile\systemDictionary.cpp, line 256]
Event: 6.168 Thread 0x000001c1d44862d0 Exception <a 'java/lang/ClassNotFoundException'{0x00000000e82f2c48}: org/gradle/api/internal/DefaultDomainObjectCollectionBeanInfo> (0x00000000e82f2c48) 
thrown [s\open\src\hotspot\share\classfile\systemDictionary.cpp, line 256]
Event: 6.168 Thread 0x000001c1d44862d0 Exception <a 'java/lang/ClassNotFoundException'{0x00000000e82f96d0}: java/util/AbstractCollectionBeanInfo> (0x00000000e82f96d0) 
thrown [s\open\src\hotspot\share\classfile\systemDictionary.cpp, line 256]
Event: 6.168 Thread 0x000001c1d44862d0 Exception <a 'java/lang/ClassNotFoundException'{0x00000000e8100408}: java/util/AbstractCollectionCustomizer> (0x00000000e8100408) 
thrown [s\open\src\hotspot\share\classfile\systemDictionary.cpp, line 256]
Event: 6.169 Thread 0x000001c1d44862d0 Exception <a 'java/lang/ClassNotFoundException'{0x00000000e8115e78}: org/gradle/api/internal/DefaultDomainObjectCollectionCustomizer> (0x00000000e8115e78) 
thrown [s\open\src\hotspot\share\classfile\systemDictionary.cpp, line 256]
Event: 6.170 Thread 0x000001c1d44862d0 Exception <a 'java/lang/ClassNotFoundException'{0x00000000e8140538}: org/gradle/api/internal/DefaultDomainObjectSetCustomizer> (0x00000000e8140538) 
thrown [s\open\src\hotspot\share\classfile\systemDictionary.cpp, line 256]
Event: 6.170 Thread 0x000001c1d44862d0 Exception <a 'java/lang/ClassNotFoundException'{0x00000000e8158f98}: org/gradle/api/internal/plugins/DefaultPluginCollectionCustomizer> (0x00000000e8158f98) 
thrown [s\open\src\hotspot\share\classfile\systemDictionary.cpp, line 256]
Event: 6.171 Thread 0x000001c1d44862d0 Exception <a 'java/lang/ClassNotFoundException'{0x00000000e818e140}: org/gradle/api/internal/plugins/DefaultPluginContainerCustomizer> (0x00000000e818e140) 
thrown [s\open\src\hotspot\share\classfile\systemDictionary.cpp, line 256]
Event: 6.214 Thread 0x000001c1d44862d0 Exception <a 'java/lang/NoSuchMethodError'{0x00000000e69b2e88}: 'long java.lang.invoke.DirectMethodHandle$Holder.invokeStatic(java.lang.Object, long)'> (0x00000000e69b2e88) 
thrown [s\open\src\hotspot\share\interpreter\linkResolver.cpp, line 759]
Event: 6.311 Thread 0x000001c1d44862d0 Exception <a 'java/lang/IncompatibleClassChangeError'{0x00000000efbcceb8}: Found class java.lang.Object, but interface was expected> (0x00000000efbcceb8) 
thrown [s\open\src\hotspot\share\interpreter\linkResolver.cpp, line 826]
Event: 6.326 Thread 0x000001c1d44862d0 Exception <a 'java/lang/NoSuchMethodError'{0x00000000efaa9d10}: 'void java.lang.invoke.DirectMethodHandle$Holder.invokeVirtual(java.lang.Object, java.lang.Object)'> (0x00000000efaa9d10) 
thrown [s\open\src\hotspot\share\interpreter\linkResolver.cpp, line 759]
Event: 6.639 Thread 0x000001c1d44862d0 Exception <a 'java/lang/NoSuchMethodError'{0x00000000ed54ba30}: 'void java.lang.invoke.DirectMethodHandle$Holder.invokeSpecialIFC(java.lang.Object, java.lang.Object, java.lang.Object)'> (0x00000000ed54ba30) 
thrown [s\open\src\hotspot\share\interpreter\linkResolver.cpp, line 759]

VM Operations (20 events):
Event: 5.532 Executing VM operation: ICBufferFull
Event: 5.532 Executing VM operation: ICBufferFull done
Event: 5.574 Executing VM operation: HandshakeAllThreads
Event: 5.574 Executing VM operation: HandshakeAllThreads done
Event: 5.866 Executing VM operation: HandshakeAllThreads
Event: 5.867 Executing VM operation: HandshakeAllThreads done
Event: 5.881 Executing VM operation: ICBufferFull
Event: 5.881 Executing VM operation: ICBufferFull done
Event: 5.989 Executing VM operation: HandshakeAllThreads
Event: 5.989 Executing VM operation: HandshakeAllThreads done
Event: 6.242 Executing VM operation: G1CollectForAllocation
Event: 6.259 Executing VM operation: G1CollectForAllocation done
Event: 6.488 Executing VM operation: HandshakeAllThreads
Event: 6.488 Executing VM operation: HandshakeAllThreads done
Event: 6.501 Executing VM operation: HandshakeAllThreads
Event: 6.501 Executing VM operation: HandshakeAllThreads done
Event: 6.514 Executing VM operation: ICBufferFull
Event: 6.514 Executing VM operation: ICBufferFull done
Event: 6.760 Executing VM operation: HandshakeAllThreads
Event: 6.760 Executing VM operation: HandshakeAllThreads done

Events (20 events):
Event: 6.536 loading class java/util/stream/Node$Builder$OfInt done
Event: 6.536 loading class java/util/stream/Nodes$IntArrayNode
Event: 6.536 loading class java/util/stream/Nodes$IntArrayNode done
Event: 6.537 loading class java/util/stream/Nodes$IntFixedNodeBuilder done
Event: 6.537 loading class java/util/stream/SortedOps$SizedIntSortingSink
Event: 6.537 loading class java/util/stream/SortedOps$AbstractIntSortingSink
Event: 6.537 loading class java/util/stream/SortedOps$AbstractIntSortingSink done
Event: 6.537 loading class java/util/stream/SortedOps$SizedIntSortingSink done
Event: 6.538 loading class java/util/stream/ReferencePipeline$4$1
Event: 6.538 loading class java/util/stream/ReferencePipeline$4$1 done
Event: 6.611 loading class java/util/stream/ReduceOps$9
Event: 6.612 loading class java/util/stream/ReduceOps$9 done
Event: 6.612 loading class java/util/stream/ReduceOps$CountingSink$OfInt
Event: 6.612 loading class java/util/stream/ReduceOps$CountingSink
Event: 6.612 loading class java/util/stream/ReduceOps$CountingSink done
Event: 6.612 loading class java/util/stream/ReduceOps$CountingSink$OfInt done
Event: 6.628 loading class java/util/LinkedList$LLSpliterator
Event: 6.628 loading class java/util/LinkedList$LLSpliterator done
Event: 6.759 loading class java/util/AbstractList$ListItr
Event: 6.759 loading class java/util/AbstractList$ListItr done


Dynamic libraries:
0x00007ff6652b0000 - 0x00007ff6652c0000 	C:\Program Files\Java\jdk-17\bin\java.exe
0x00007ffce3f10000 - 0x00007ffce4108000 	C:\WINDOWS\SYSTEM32\ntdll.dll
0x00007ffce3bb0000 - 0x00007ffce3c72000 	C:\WINDOWS\System32\KERNEL32.DLL
0x00007ffce18e0000 - 0x00007ffce1bdf000 	C:\WINDOWS\System32\KERNELBASE.dll
0x00007ffce15f0000 - 0x00007ffce16f0000 	C:\WINDOWS\System32\ucrtbase.dll
0x00007ffcdaf40000 - 0x00007ffcdaf59000 	C:\Program Files\Java\jdk-17\bin\jli.dll
0x00007ffcda6f0000 - 0x00007ffcda70b000 	C:\Program Files\Java\jdk-17\bin\VCRUNTIME140.dll
0x00007ffce3240000 - 0x00007ffce32f1000 	C:\WINDOWS\System32\ADVAPI32.dll
0x00007ffce37b0000 - 0x00007ffce384e000 	C:\WINDOWS\System32\msvcrt.dll
0x00007ffce31a0000 - 0x00007ffce323f000 	C:\WINDOWS\System32\sechost.dll
0x00007ffce3310000 - 0x00007ffce3433000 	C:\WINDOWS\System32\RPCRT4.dll
0x00007ffce1ef0000 - 0x00007ffce1f17000 	C:\WINDOWS\System32\bcrypt.dll
0x00007ffce35e0000 - 0x00007ffce377d000 	C:\WINDOWS\System32\USER32.dll
0x00007ffce16f0000 - 0x00007ffce1712000 	C:\WINDOWS\System32\win32u.dll
0x00007ffce2170000 - 0x00007ffce219b000 	C:\WINDOWS\System32\GDI32.dll
0x00007ffce1720000 - 0x00007ffce1837000 	C:\WINDOWS\System32\gdi32full.dll
0x00007ffce1840000 - 0x00007ffce18dd000 	C:\WINDOWS\System32\msvcp_win.dll
0x00007ffcd2f70000 - 0x00007ffcd320a000 	C:\WINDOWS\WinSxS\amd64_microsoft.windows.common-controls_6595b64144ccf1df_6.0.19041.4355_none_60b8b9eb71f62e16\COMCTL32.dll
0x00007ffcdb810000 - 0x00007ffcdb81a000 	C:\WINDOWS\SYSTEM32\VERSION.dll
0x00007ffce3780000 - 0x00007ffce37af000 	C:\WINDOWS\System32\IMM32.DLL
0x00007ffcdcbd0000 - 0x00007ffcdcbdc000 	C:\Program Files\Java\jdk-17\bin\vcruntime140_1.dll
0x00007ffcbe660000 - 0x00007ffcbe6ee000 	C:\Program Files\Java\jdk-17\bin\msvcp140.dll
0x00007ffca5f00000 - 0x00007ffca6ae0000 	C:\Program Files\Java\jdk-17\bin\server\jvm.dll
0x00007ffce2090000 - 0x00007ffce2098000 	C:\WINDOWS\System32\PSAPI.DLL
0x00007ffccf990000 - 0x00007ffccf9b7000 	C:\WINDOWS\SYSTEM32\WINMM.dll
0x00007ffcdc970000 - 0x00007ffcdc979000 	C:\WINDOWS\SYSTEM32\WSOCK32.dll
0x00007ffce30d0000 - 0x00007ffce313b000 	C:\WINDOWS\System32\WS2_32.dll
0x00007ffcdf440000 - 0x00007ffcdf452000 	C:\WINDOWS\SYSTEM32\kernel.appcore.dll
0x00007ffcda6d0000 - 0x00007ffcda6da000 	C:\Program Files\Java\jdk-17\bin\jimage.dll
0x00007ffcdbcf0000 - 0x00007ffcdbed4000 	C:\WINDOWS\SYSTEM32\DBGHELP.DLL
0x00007ffcdbc00000 - 0x00007ffcdbc34000 	C:\WINDOWS\SYSTEM32\dbgcore.DLL
0x00007ffce1c50000 - 0x00007ffce1cd2000 	C:\WINDOWS\System32\bcryptPrimitives.dll
0x00007ffcda6c0000 - 0x00007ffcda6ce000 	C:\Program Files\Java\jdk-17\bin\instrument.dll
0x00007ffcd2b40000 - 0x00007ffcd2b65000 	C:\Program Files\Java\jdk-17\bin\java.dll
0x00007ffcb5d20000 - 0x00007ffcb5df7000 	C:\Program Files\Java\jdk-17\bin\jsvml.dll
0x00007ffce23b0000 - 0x00007ffce2b1e000 	C:\WINDOWS\System32\SHELL32.dll
0x00007ffcdf640000 - 0x00007ffcdfde4000 	C:\WINDOWS\SYSTEM32\windows.storage.dll
0x00007ffce3850000 - 0x00007ffce3ba5000 	C:\WINDOWS\System32\combase.dll
0x00007ffce0fd0000 - 0x00007ffce0fff000 	C:\WINDOWS\SYSTEM32\Wldp.dll
0x00007ffce20a0000 - 0x00007ffce216d000 	C:\WINDOWS\System32\OLEAUT32.dll
0x00007ffce1fe0000 - 0x00007ffce208d000 	C:\WINDOWS\System32\SHCORE.dll
0x00007ffce1f80000 - 0x00007ffce1fd5000 	C:\WINDOWS\System32\shlwapi.dll
0x00007ffce14d0000 - 0x00007ffce14f4000 	C:\WINDOWS\SYSTEM32\profapi.dll
0x00007ffcd2b20000 - 0x00007ffcd2b38000 	C:\Program Files\Java\jdk-17\bin\zip.dll
0x00007ffccf960000 - 0x00007ffccf979000 	C:\Program Files\Java\jdk-17\bin\net.dll
0x00007ffcdb690000 - 0x00007ffcdb79d000 	C:\WINDOWS\SYSTEM32\WINHTTP.dll
0x00007ffce0d30000 - 0x00007ffce0d9a000 	C:\WINDOWS\system32\mswsock.dll
0x00007ffcccbc0000 - 0x00007ffcccbd6000 	C:\Program Files\Java\jdk-17\bin\nio.dll
0x00007ffcda600000 - 0x00007ffcda610000 	C:\Program Files\Java\jdk-17\bin\verify.dll
0x00007ffcbe610000 - 0x00007ffcbe637000 	C:\Users\PC-060\.gradle\native\1def1411415f61bf3af743bc5b6707747c0891f09f0c88961ee8f79bc544acac\windows-amd64\native-platform.dll
0x00007ffcbe590000 - 0x00007ffcbe608000 	C:\Users\PC-060\.gradle\native\0.2.6\x86_64-windows-gnu\gradle-fileevents.dll
0x00007ffccfc40000 - 0x00007ffccfc4a000 	C:\Program Files\Java\jdk-17\bin\management.dll
0x00007ffcccb60000 - 0x00007ffcccb6b000 	C:\Program Files\Java\jdk-17\bin\management_ext.dll
0x00007ffce09c0000 - 0x00007ffce09fb000 	C:\WINDOWS\SYSTEM32\IPHLPAPI.DLL
0x00007ffce3c80000 - 0x00007ffce3c88000 	C:\WINDOWS\System32\NSI.dll
0x00007ffcdbf60000 - 0x00007ffcdbf77000 	C:\WINDOWS\SYSTEM32\dhcpcsvc6.DLL
0x00007ffcdc590000 - 0x00007ffcdc5ad000 	C:\WINDOWS\SYSTEM32\dhcpcsvc.DLL
0x00007ffce0a10000 - 0x00007ffce0ada000 	C:\WINDOWS\SYSTEM32\DNSAPI.dll
0x00007ffce0f20000 - 0x00007ffce0f38000 	C:\WINDOWS\SYSTEM32\CRYPTSP.dll
0x00007ffce0580000 - 0x00007ffce05b4000 	C:\WINDOWS\system32\rsaenh.dll
0x00007ffce1450000 - 0x00007ffce147e000 	C:\WINDOWS\SYSTEM32\USERENV.dll
0x00007ffce0f40000 - 0x00007ffce0f4c000 	C:\WINDOWS\SYSTEM32\CRYPTBASE.dll
0x00007ffcccaa0000 - 0x00007ffcccaae000 	C:\Program Files\Java\jdk-17\bin\sunmscapi.dll
0x00007ffce1d90000 - 0x00007ffce1eec000 	C:\WINDOWS\System32\CRYPT32.dll
0x00007ffce1040000 - 0x00007ffce1067000 	C:\WINDOWS\SYSTEM32\ncrypt.dll
0x00007ffce1000000 - 0x00007ffce103b000 	C:\WINDOWS\SYSTEM32\NTASN1.dll
0x00007ffcda6e0000 - 0x00007ffcda6e7000 	C:\WINDOWS\system32\wshunix.dll

dbghelp: loaded successfully - version: 4.0.5 - missing functions: none
symbol engine: initialized successfully - sym options: 0x614 - pdb path: .;C:\Program Files\Java\jdk-17\bin;C:\WINDOWS\SYSTEM32;C:\WINDOWS\WinSxS\amd64_microsoft.windows.common-controls_6595b64144ccf1df_6.0.19041.4355_none_60b8b9eb71f62e16;C:\Program Files\Java\jdk-17\bin\server;C:\Users\PC-060\.gradle\native\1def1411415f61bf3af743bc5b6707747c0891f09f0c88961ee8f79bc544acac\windows-amd64;C:\Users\PC-060\.gradle\native\0.2.6\x86_64-windows-gnu

VM Arguments:
jvm_args: --add-opens=java.base/java.lang=ALL-UNNAMED --add-opens=java.base/java.lang.invoke=ALL-UNNAMED --add-opens=java.base/java.util=ALL-UNNAMED --add-opens=java.prefs/java.util.prefs=ALL-UNNAMED --add-exports=jdk.compiler/com.sun.tools.javac.api=ALL-UNNAMED --add-exports=jdk.compiler/com.sun.tools.javac.util=ALL-UNNAMED --add-opens=java.base/java.util=ALL-UNNAMED --add-opens=java.prefs/java.util.prefs=ALL-UNNAMED --add-opens=java.base/java.nio.charset=ALL-UNNAMED --add-opens=java.base/java.net=ALL-UNNAMED --add-opens=java.base/java.util.concurrent.atomic=ALL-UNNAMED --add-opens=java.xml/javax.xml.namespace=ALL-UNNAMED -XX:MaxMetaspaceSize=384m -XX:+HeapDumpOnOutOfMemoryError -Xms256m -Xmx512m -Dfile.encoding=UTF-8 -Duser.country=KR -Duser.language=ko -Duser.variant -javaagent:C:\Users\PC-060\.gradle\wrapper\dists\gradle-8.12.1-bin\eumc4uhoysa37zql93vfjkxy0\gradle-8.12.1\lib\agents\gradle-instrumentation-agent-8.12.1.jar 
java_command: org.gradle.launcher.daemon.bootstrap.GradleDaemon 8.12.1
java_class_path (initial): C:\Users\PC-060\.gradle\wrapper\dists\gradle-8.12.1-bin\eumc4uhoysa37zql93vfjkxy0\gradle-8.12.1\lib\gradle-daemon-main-8.12.1.jar
Launcher Type: SUN_STANDARD

[Global flags]
     intx CICompilerCount                          = 4                                         {product} {ergonomic}
   size_t CompressedClassSpaceSize                 = 335544320                                 {product} {ergonomic}
     uint ConcGCThreads                            = 2                                         {product} {ergonomic}
     uint G1ConcRefinementThreads                  = 8                                         {product} {ergonomic}
   size_t G1HeapRegionSize                         = 1048576                                   {product} {ergonomic}
    uintx GCDrainStackTargetSize                   = 64                                        {product} {ergonomic}
     bool HeapDumpOnOutOfMemoryError               = true                                   {manageable} {command line}
   size_t InitialHeapSize                          = 268435456                                 {product} {command line}
   size_t MarkStackSize                            = 4194304                                   {product} {ergonomic}
   size_t MaxHeapSize                              = 536870912                                 {product} {command line}
   size_t MaxMetaspaceSize                         = 402653184                                 {product} {command line}
   size_t MaxNewSize                               = 321912832                                 {product} {ergonomic}
   size_t MinHeapDeltaBytes                        = 1048576                                   {product} {ergonomic}
   size_t MinHeapSize                              = 268435456                                 {product} {command line}
    uintx NonNMethodCodeHeapSize                   = 5839372                                {pd product} {ergonomic}
    uintx NonProfiledCodeHeapSize                  = 122909434                              {pd product} {ergonomic}
    uintx ProfiledCodeHeapSize                     = 122909434                              {pd product} {ergonomic}
    uintx ReservedCodeCacheSize                    = 251658240                              {pd product} {ergonomic}
     bool SegmentedCodeCache                       = true                                      {product} {ergonomic}
   size_t SoftMaxHeapSize                          = 536870912                              {manageable} {ergonomic}
     bool UseCompressedClassPointers               = true                           {product lp64_product} {ergonomic}
     bool UseCompressedOops                        = true                           {product lp64_product} {ergonomic}
     bool UseG1GC                                  = true                                      {product} {ergonomic}
     bool UseLargePagesIndividualAllocation        = false                                  {pd product} {ergonomic}

Logging:
Log output configuration:
 #0: stdout all=warning uptime,level,tags
 #1: stderr all=off uptime,level,tags

Environment Variables:
JAVA_HOME=C:\Program Files\Java\jdk-17
PATH=C:\Program Files\Java\jdk-17\bin;C:\Program Files\Common Files\Oracle\Java\javapath;C:\WINDOWS\system32;C:\WINDOWS;C:\WINDOWS\System32\Wbem;C:\WINDOWS\System32\WindowsPowerShell\v1.0\;C:\WINDOWS\System32\OpenSSH\;C:\Program Files\dotnet\;C:\Program Files\Git\cmd;C:\Users\PC-060\AppData\Local\Microsoft\WindowsApps;;C:\Program Files\JetBrains\IntelliJ IDEA 2024.3.1.1\bin;;C:\Program Files\JetBrains\IntelliJ IDEA Community Edition 2024.3.1.1\bin;;C:\Users\PC-060\AppData\Local\Programs\Microsoft VS Code\bin
USERNAME=PC-060
OS=Windows_NT
PROCESSOR_IDENTIFIER=Intel64 Family 6 Model 165 Stepping 3, GenuineIntel



---------------  S Y S T E M  ---------------

OS:
 Windows 10 , 64 bit Build 19041 (10.0.19041.5198)
OS uptime: 10 days 4:09 hours

CPU: total 8 (initial active 8) (4 cores per cpu, 2 threads per core) family 6 model 165 stepping 3 microcode 0xcc, cx8, cmov, fxsr, ht, mmx, 3dnowpref, sse, sse2, sse3, ssse3, sse4.1, sse4.2, popcnt, lzcnt, tsc, tscinvbit, avx, avx2, aes, erms, clmul, bmi1, bmi2, adx, fma, vzeroupper, clflush, clflushopt

Memory: 4k page, system-wide physical 16222M (3901M free)
TotalPageFile size 65374M (AvailPageFile size 4M)
current process WorkingSet (physical memory assigned to process): 420M, peak: 420M
current process commit charge ("private bytes"): 502M, peak: 503M

vm_info: Java HotSpot(TM) 64-Bit Server VM (17.0.12+8-LTS-286) for windows-amd64 JRE (17.0.12+8-LTS-286), built on Jun  5 2024 06:46:59 by "mach5one" with MS VC++ 17.6 (VS2022)

END.
